RUN	simulations.BahmniClinic	bahmniclinic	1660228075749	 	3.8.3
USER	Registration	START	1660228076710
USER	Consultation	START	1660228076718
USER	Registration	START	1660228076731
USER	Consultation	START	1660228076746
USER	Registration	START	1660228076789
USER	Consultation	START	1660228076796
USER	Registration	START	1660228076844
USER	Consultation	START	1660228076849
REQUEST		patient encounter	1660228076795	1660228076904	OK	 
REQUEST		patient encounter	1660228076713	1660228076900	OK	 
REQUEST		patient encounter	1660228076745	1660228076904	OK	 
REQUEST		patient encounter	1660228076848	1660228076952	OK	 
USER	Registration	START	1660228077068
USER	Consultation	START	1660228077069
USER	Registration	START	1660228077068
USER	Consultation	START	1660228077070
USER	Registration	START	1660228077075
USER	Consultation	START	1660228077076
USER	Registration	START	1660228077078
USER	Consultation	START	1660228077078
REQUEST		Chrome_Owned_96x96.png	1660228077065	1660228077084	OK	 
USER	Registration	START	1660228077095
REQUEST		Chrome_Owned_96x96.png	1660228077065	1660228077097	OK	 
REQUEST		Chrome_Owned_96x96.png	1660228077066	1660228077097	OK	 
REQUEST		Chrome_Owned_96x96.png	1660228077073	1660228077099	OK	 
USER	Consultation	START	1660228077101
REQUEST		googlelogo_white_background_color_272x92dp.png	1660228077067	1660228077106	OK	 
REQUEST		googlelogo_white_background_color_272x92dp.png	1660228077065	1660228077120	OK	 
REQUEST		googlelogo_white_background_color_272x92dp.png	1660228077074	1660228077120	OK	 
REQUEST		googlelogo_white_background_color_272x92dp.png	1660228077065	1660228077122	OK	 
USER	Registration	START	1660228077144
USER	Consultation	START	1660228077149
REQUEST		patient encounter	1660228077069	1660228077174	OK	 
REQUEST		patient encounter	1660228077078	1660228077173	OK	 
REQUEST		patient encounter	1660228077076	1660228077194	OK	 
USER	Registration	START	1660228077207
USER	Consultation	START	1660228077208
REQUEST		patient encounter	1660228077101	1660228077213	OK	 
REQUEST		Chrome_Owned_96x96.png	1660228077199	1660228077216	OK	 
REQUEST		Chrome_Owned_96x96.png	1660228077201	1660228077230	OK	 
REQUEST		Chrome_Owned_96x96.png	1660228077205	1660228077231	OK	 
REQUEST		Chrome_Owned_96x96.png	1660228077221	1660228077240	OK	 
REQUEST		googlelogo_white_background_color_272x92dp.png	1660228077206	1660228077243	OK	 
USER	Registration	START	1660228077245
USER	Consultation	START	1660228077249
REQUEST		googlelogo_white_background_color_272x92dp.png	1660228077205	1660228077258	OK	 
REQUEST		googlelogo_white_background_color_272x92dp.png	1660228077199	1660228077260	OK	 
REQUEST		googlelogo_white_background_color_272x92dp.png	1660228077222	1660228077264	OK	 
REQUEST		patient encounter	1660228077149	1660228077264	OK	 
REQUEST		Chrome_Owned_96x96.png	1660228077270	1660228077289	OK	 
USER	Registration	START	1660228077295
USER	Consultation	START	1660228077299
REQUEST		patient encounter	1660228077208	1660228077309	OK	 
REQUEST		googlelogo_white_background_color_272x92dp.png	1660228077272	1660228077312	OK	 
REQUEST		Chrome_Owned_96x96.png	1660228077316	1660228077335	OK	 
USER	Registration	START	1660228077345
REQUEST		patient encounter	1660228077249	1660228077346	OK	 
USER	Consultation	START	1660228077349
REQUEST		googlelogo_white_background_color_272x92dp.png	1660228077316	1660228077355	OK	 
REQUEST		Chrome_Owned_96x96.png	1660228077350	1660228077368	OK	 
REQUEST		googlelogo_white_background_color_272x92dp.png	1660228077351	1660228077387	OK	 
USER	Registration	START	1660228077395
REQUEST		patient encounter	1660228077299	1660228077396	OK	 
USER	Consultation	START	1660228077399
REQUEST		Chrome_Owned_96x96.png	1660228077401	1660228077420	OK	 
REQUEST		googlelogo_white_background_color_272x92dp.png	1660228077402	1660228077439	OK	 
USER	Registration	START	1660228077445
USER	Consultation	START	1660228077449
REQUEST		patient encounter	1660228077349	1660228077450	OK	 
REQUEST		Chrome_Owned_96x96.png	1660228077456	1660228077475	OK	 
REQUEST		patient encounter	1660228077399	1660228077485	OK	 
USER	Registration	START	1660228077495
REQUEST		googlelogo_white_background_color_272x92dp.png	1660228077457	1660228077496	OK	 
USER	Consultation	START	1660228077499
USER	Consultation	END	1660228077501
USER	Consultation	START	1660228077503
REQUEST		Chrome_Owned_96x96.png	1660228077490	1660228077508	OK	 
REQUEST		googlelogo_white_background_color_272x92dp.png	1660228077490	1660228077531	OK	 
USER	Consultation	END	1660228077532
USER	Consultation	START	1660228077533
USER	Registration	START	1660228077545
REQUEST		patient encounter	1660228077068	1660228077546	OK	 
REQUEST		patient encounter	1660228077449	1660228077551	OK	 
USER	Consultation	START	1660228077563
REQUEST		Chrome_Owned_96x96.png	1660228077558	1660228077574	OK	 
REQUEST		Chrome_Owned_96x96.png	1660228077559	1660228077588	OK	 
USER	Registration	START	1660228077595
USER	Consultation	START	1660228077599
REQUEST		googlelogo_white_background_color_272x92dp.png	1660228077558	1660228077597	OK	 
REQUEST		patient encounter	1660228077502	1660228077608	OK	 
REQUEST		googlelogo_white_background_color_272x92dp.png	1660228077560	1660228077611	OK	 
REQUEST		patient encounter	1660228077499	1660228077620	OK	 
REQUEST		Chrome_Owned_96x96.png	1660228077612	1660228077630	OK	 
REQUEST		patient encounter	1660228077563	1660228077641	OK	 
USER	Registration	START	1660228077645
REQUEST		Chrome_Owned_96x96.png	1660228077625	1660228077647	OK	 
REQUEST		patient encounter	1660228077533	1660228077648	OK	 
USER	Consultation	START	1660228077649
REQUEST		googlelogo_white_background_color_272x92dp.png	1660228077613	1660228077649	OK	 
REQUEST		Chrome_Owned_96x96.png	1660228077644	1660228077662	OK	 
REQUEST		googlelogo_white_background_color_272x92dp.png	1660228077625	1660228077664	OK	 
REQUEST		Chrome_Owned_96x96.png	1660228077651	1660228077678	OK	 
REQUEST		googlelogo_white_background_color_272x92dp.png	1660228077645	1660228077687	OK	 
REQUEST		googlelogo_white_background_color_272x92dp.png	1660228077652	1660228077702	OK	 
REQUEST		patient encounter	1660228077649	1660228077750	OK	 
REQUEST		Chrome_Owned_96x96.png	1660228077754	1660228077771	OK	 
REQUEST		googlelogo_white_background_color_272x92dp.png	1660228077755	1660228077790	OK	 
USER	Consultation	END	1660228077792
USER	Consultation	START	1660228077793
REQUEST		patient encounter	1660228077599	1660228077797	OK	 
REQUEST		get login locations	1660228076705	1660228077808	OK	 
REQUEST		Chrome_Owned_96x96.png	1660228077801	1660228077819	OK	 
REQUEST		get login locations	1660228076789	1660228077832	OK	 
REQUEST		googlelogo_white_background_color_272x92dp.png	1660228077801	1660228077840	OK	 
REQUEST		get login locations	1660228076844	1660228077867	OK	 
REQUEST		get login locations	1660228076729	1660228077888	OK	 
REQUEST		patient encounter	1660228077793	1660228077888	OK	 
REQUEST		Chrome_Owned_96x96.png	1660228077892	1660228077910	OK	 
REQUEST		googlelogo_white_background_color_272x92dp.png	1660228077892	1660228077929	OK	 
REQUEST		get login locations	1660228077077	1660228077931	OK	 
REQUEST		get login locations	1660228077068	1660228077933	OK	 
REQUEST		get login locations	1660228077095	1660228077959	OK	 
REQUEST		get login locations	1660228077144	1660228077961	OK	 
REQUEST		get login locations	1660228077068	1660228077964	OK	 
REQUEST		get login locations	1660228077075	1660228077964	OK	 
REQUEST		get locale.allowed.list global property	1660228077814	1660228077993	OK	 
REQUEST		get locale.allowed.list global property	1660228077833	1660228078019	OK	 
REQUEST		get locale.allowed.list global property	1660228077869	1660228078048	OK	 
REQUEST		get locale.allowed.list global property	1660228077889	1660228078072	OK	 
REQUEST		get locale.allowed.list global property	1660228077933	1660228078126	OK	 
REQUEST		get locale.allowed.list global property	1660228077932	1660228078125	OK	 
REQUEST		get locale.allowed.list global property	1660228077960	1660228078153	OK	 
REQUEST		get locale.allowed.list global property	1660228077966	1660228078156	OK	 
REQUEST		get locale.allowed.list global property	1660228077963	1660228078170	OK	 
REQUEST		get locale.allowed.list global property	1660228077966	1660228078172	OK	 
REQUEST		get user	1660228078073	1660228078259	OK	 
REQUEST		get user	1660228078021	1660228078237	OK	 
REQUEST		get user	1660228077996	1660228078214	OK	 
REQUEST		get user	1660228078050	1660228078250	OK	 
REQUEST		get user	1660228078155	1660228078427	OK	 
REQUEST		get user	1660228078157	1660228078423	OK	 
REQUEST		get user	1660228078172	1660228078436	OK	 
REQUEST		get user	1660228078173	1660228078433	OK	 
REQUEST		get user	1660228078127	1660228078428	OK	 
REQUEST		search bahmni	1660228078122	1660228078444	OK	 
REQUEST		get user	1660228078127	1660228078423	OK	 
USER	Consultation	END	1660228078449
REQUEST		search bahmni	1660228078123	1660228078457	OK	 
REQUEST		search bahmni	1660228078121	1660228078460	OK	 
USER	Consultation	END	1660228078461
USER	Consultation	START	1660228078462
USER	Consultation	END	1660228078466
USER	Consultation	START	1660228078465
USER	Consultation	START	1660228078467
REQUEST		search bahmni	1660228078109	1660228078544	OK	 
USER	Consultation	END	1660228078548
USER	Consultation	START	1660228078549
REQUEST		patient encounter	1660228078462	1660228078551	OK	 
REQUEST		search bahmni	1660228078244	1660228078557	OK	 
USER	Consultation	END	1660228078561
USER	Consultation	START	1660228078563
REQUEST		Chrome_Owned_96x96.png	1660228078556	1660228078573	OK	 
REQUEST		patient encounter	1660228078465	1660228078573	OK	 
REQUEST		patient encounter	1660228078466	1660228078574	OK	 
REQUEST		Chrome_Owned_96x96.png	1660228078577	1660228078597	OK	 
REQUEST		googlelogo_white_background_color_272x92dp.png	1660228078556	1660228078600	OK	 
REQUEST		Chrome_Owned_96x96.png	1660228078577	1660228078611	OK	 
REQUEST		googlelogo_white_background_color_272x92dp.png	1660228078578	1660228078615	OK	 
REQUEST		googlelogo_white_background_color_272x92dp.png	1660228078578	1660228078618	OK	 
USER	Consultation	END	1660228078619
USER	Consultation	START	1660228078621
REQUEST		patient encounter	1660228078548	1660228078647	OK	 
REQUEST		get provider	1660228078434	1660228078652	OK	 
REQUEST		get provider	1660228078425	1660228078653	OK	 
REQUEST		get provider	1660228078445	1660228078656	OK	 
REQUEST		get provider	1660228078421	1660228078659	OK	 
REQUEST		patient encounter	1660228078562	1660228078659	OK	 
REQUEST		get provider	1660228078432	1660228078660	OK	 
REQUEST		get provider	1660228078441	1660228078661	OK	 
REQUEST		get provider	1660228078420	1660228078661	OK	 
REQUEST		get provider	1660228078420	1660228078658	OK	 
REQUEST		get provider	1660228078446	1660228078666	OK	 
REQUEST		Chrome_Owned_96x96.png	1660228078650	1660228078668	OK	 
REQUEST		get provider	1660228078454	1660228078669	OK	 
REQUEST		Chrome_Owned_96x96.png	1660228078663	1660228078682	OK	 
REQUEST		googlelogo_white_background_color_272x92dp.png	1660228078651	1660228078700	OK	 
REQUEST		search bahmni	1660228078422	1660228078706	OK	 
REQUEST		patient encounter	1660228078620	1660228078710	OK	 
USER	Consultation	END	1660228078714
REQUEST		search bahmni	1660228078427	1660228078714	OK	 
USER	Consultation	END	1660228078717
REQUEST		googlelogo_white_background_color_272x92dp.png	1660228078663	1660228078722	OK	 
REQUEST		search bahmni	1660228078426	1660228078730	OK	 
USER	Consultation	END	1660228078733
REQUEST		Chrome_Owned_96x96.png	1660228078713	1660228078739	OK	 
REQUEST		search bahmni	1660228078450	1660228078750	OK	 
REQUEST		googlelogo_white_background_color_272x92dp.png	1660228078717	1660228078755	OK	 
USER	Consultation	END	1660228078758
REQUEST		search bahmni	1660228078423	1660228078845	OK	 
REQUEST		search bahmni	1660228078426	1660228078847	OK	 
REQUEST		search bahmni	1660228078423	1660228078840	OK	 
USER	Consultation	END	1660228078856
USER	Consultation	END	1660228078857
REQUEST		get login locations	1660228077207	1660228078865	OK	 
USER	Consultation	END	1660228078871
REQUEST		search bahmni	1660228078603	1660228078893	OK	 
USER	Consultation	END	1660228078897
REQUEST		search bahmni	1660228078612	1660228078942	OK	 
USER	Consultation	END	1660228078946
REQUEST		search bahmni	1660228078650	1660228078958	OK	 
USER	Consultation	END	1660228078962
REQUEST		search bahmni	1660228078688	1660228078986	OK	 
USER	Consultation	END	1660228078991
REQUEST		get locale.allowed.list global property	1660228078869	1660228079047	OK	 
REQUEST		search bahmni	1660228078665	1660228079075	OK	 
USER	Consultation	END	1660228079078
REQUEST		search bahmni	1660228078862	1660228079160	OK	 
USER	Consultation	END	1660228079164
REQUEST		get user	1660228079049	1660228079237	OK	 
REQUEST		search bahmni	1660228078931	1660228079252	OK	 
USER	Consultation	END	1660228079257
REQUEST		get provider	1660228079240	1660228079426	OK	 
REQUEST		get login locations	1660228077244	1660228079744	OK	 
REQUEST		get login locations	1660228077294	1660228079744	OK	 
REQUEST		search bahmni	1660228078704	1660228079881	OK	 
USER	Consultation	END	1660228079884
REQUEST		get locale.allowed.list global property	1660228079745	1660228079926	OK	 
REQUEST		get locale.allowed.list global property	1660228079745	1660228079926	OK	 
REQUEST		search bahmni	1660228079600	1660228079937	OK	 
USER	Consultation	END	1660228079939
REQUEST		search bahmni	1660228079702	1660228079995	OK	 
REQUEST		search bahmni	1660228079723	1660228079998	OK	 
USER	Consultation	END	1660228080001
USER	Consultation	END	1660228080002
REQUEST		search bahmni	1660228079756	1660228080070	OK	 
USER	Consultation	END	1660228080073
REQUEST		search bahmni	1660228079616	1660228080074	OK	 
USER	Consultation	END	1660228080076
REQUEST		get user	1660228079927	1660228080188	OK	 
REQUEST		get user	1660228079927	1660228080307	OK	 
REQUEST		get provider	1660228080203	1660228080397	OK	 
REQUEST		get provider	1660228080310	1660228080497	OK	 
REQUEST		get login locations	1660228077344	1660228080781	OK	 
REQUEST		get login locations	1660228077495	1660228080792	OK	 
REQUEST		get login locations	1660228077444	1660228080794	OK	 
REQUEST		get login locations	1660228077394	1660228080797	OK	 
REQUEST		get locale.allowed.list global property	1660228080783	1660228080961	OK	 
REQUEST		get locale.allowed.list global property	1660228080794	1660228080975	OK	 
REQUEST		get locale.allowed.list global property	1660228080794	1660228080975	OK	 
REQUEST		get locale.allowed.list global property	1660228080798	1660228080980	OK	 
REQUEST		get user	1660228080962	1660228081154	OK	 
REQUEST		get user	1660228080978	1660228081178	OK	 
REQUEST		get user	1660228080981	1660228081178	OK	 
REQUEST		get user	1660228080976	1660228081182	OK	 
REQUEST		get provider	1660228081156	1660228081368	OK	 
REQUEST		get provider	1660228081180	1660228081380	OK	 
REQUEST		get provider	1660228081180	1660228081393	OK	 
REQUEST		get provider	1660228081184	1660228081418	OK	 
REQUEST		post audit log	1660228078422	1660228081848	OK	 
REQUEST		get session	1660228078421	1660228081858	OK	 
REQUEST		post audit log	1660228078422	1660228081877	OK	 
REQUEST		get session	1660228078421	1660228081907	OK	 
REQUEST		get login locations	1660228077545	1660228081911	OK	 
REQUEST		get login locations	1660228077645	1660228081922	OK	 
REQUEST		post user info	1660228078421	1660228081924	OK	 
REQUEST		get login locations	1660228077595	1660228081934	OK	 
REQUEST		get locale.allowed.list global property	1660228081912	1660228082092	OK	 
REQUEST		get locale.allowed.list global property	1660228081923	1660228082100	OK	 
REQUEST		get locale.allowed.list global property	1660228081935	1660228082112	OK	 
REQUEST		get user	1660228082093	1660228082289	OK	 
REQUEST		get user	1660228082102	1660228082293	OK	 
REQUEST		get user	1660228082114	1660228082308	OK	 
REQUEST		get provider	1660228082292	1660228082510	OK	 
REQUEST		get provider	1660228082295	1660228082523	OK	 
REQUEST		get provider	1660228082310	1660228082524	OK	 
REQUEST		get bahmni.enableAuditLog global property	1660228078422	1660228082733	OK	 
REQUEST		get bahmni.enableAuditLog global property	1660228078421	1660228082804	OK	 
REQUEST		post audit log	1660228078425	1660228082873	OK	 
REQUEST		get bahmni.enableAuditLog global property	1660228078425	1660228082891	OK	 
REQUEST		get bahmni.enableAuditLog global property	1660228078426	1660228082898	OK	 
REQUEST		post user info	1660228078421	1660228082906	OK	 
REQUEST		post audit log	1660228078426	1660228082919	OK	 
REQUEST		get session	1660228078425	1660228082944	OK	 
REQUEST		get session	1660228078445	1660228082951	OK	 
REQUEST		get bahmni.enableAuditLog global property	1660228078435	1660228082952	OK	 
REQUEST		get session	1660228078435	1660228082958	OK	 
REQUEST		get session	1660228078425	1660228082958	OK	 
REQUEST		post user info	1660228078425	1660228082977	OK	 
REQUEST		post user info	1660228078435	1660228082992	OK	 
REQUEST		post user info	1660228078426	1660228083007	OK	 
REQUEST		post user info	1660228078445	1660228083010	OK	 
REQUEST		post audit log	1660228078445	1660228083741	OK	 
REQUEST		post audit log	1660228078435	1660228083832	OK	 
REQUEST		get bahmni.enableAuditLog global property	1660228078445	1660228083860	OK	 
REQUEST		get session	1660228078432	1660228083896	OK	 
REQUEST		post audit log	1660228078433	1660228083897	OK	 
REQUEST		get session	1660228078442	1660228083910	OK	 
REQUEST		post audit log	1660228078442	1660228083925	OK	 
REQUEST		get bahmni.enableAuditLog global property	1660228078442	1660228083933	OK	 
REQUEST		post audit log	1660228078455	1660228083983	OK	 
REQUEST		post user info	1660228078432	1660228083984	OK	 
REQUEST		get bahmni.enableAuditLog global property	1660228078446	1660228084010	OK	 
REQUEST		get session	1660228078454	1660228084015	OK	 
REQUEST		post audit log	1660228080204	1660228084066	OK	 
REQUEST		get bahmni.enableAuditLog global property	1660228080204	1660228084068	OK	 
REQUEST		post audit log	1660228079242	1660228084072	OK	 
REQUEST		get bahmni.enableAuditLog global property	1660228078455	1660228084072	OK	 
REQUEST		post user info	1660228078442	1660228084133	OK	 
REQUEST		get bahmni.enableAuditLog global property	1660228079242	1660228084138	OK	 
REQUEST		post user info	1660228079241	1660228084184	OK	 
REQUEST		get session	1660228078446	1660228084187	OK	 
REQUEST		get bahmni.enableAuditLog global property	1660228078432	1660228084188	OK	 
REQUEST		get session	1660228079241	1660228084191	OK	 
REQUEST		post audit log	1660228080315	1660228084204	OK	 
REQUEST		post user info	1660228078455	1660228084222	OK	 
REQUEST		get bahmni.enableAuditLog global property	1660228080314	1660228084224	OK	 
REQUEST		get session	1660228080203	1660228084225	OK	 
REQUEST		post audit log	1660228078447	1660228084250	OK	 
REQUEST		get session	1660228080311	1660228084291	OK	 
REQUEST		post user info	1660228080204	1660228084325	OK	 
REQUEST		post user info	1660228080314	1660228084342	OK	 
REQUEST		post user info	1660228078446	1660228084347	OK	 
REQUEST		post user info	1660228081157	1660228084348	OK	 
REQUEST		post audit log	1660228081158	1660228084990	OK	 
REQUEST		get bahmni.enableAuditLog global property	1660228081157	1660228085032	OK	 
REQUEST		get session	1660228081157	1660228085115	OK	 
REQUEST		get bahmni.enableAuditLog global property	1660228081181	1660228085152	OK	 
REQUEST		post audit log	1660228081182	1660228085191	OK	 
REQUEST		get bahmni.enableAuditLog global property	1660228081185	1660228085193	OK	 
REQUEST		post audit log	1660228081185	1660228085210	OK	 
REQUEST		post audit log	1660228082293	1660228085234	OK	 
REQUEST		get bahmni.enableAuditLog global property	1660228082295	1660228085235	OK	 
REQUEST		get session	1660228081181	1660228085238	OK	 
REQUEST		get bahmni.enableAuditLog global property	1660228082293	1660228085249	OK	 
REQUEST		get session	1660228082292	1660228085271	OK	 
REQUEST		get bahmni.enableAuditLog global property	1660228081182	1660228085274	OK	 
REQUEST		post audit log	1660228081182	1660228085280	OK	 
REQUEST		post audit log	1660228082311	1660228085296	OK	 
REQUEST		post audit log	1660228082296	1660228085298	OK	 
REQUEST		get bahmni.enableAuditLog global property	1660228082311	1660228085304	OK	 
REQUEST		get session	1660228081184	1660228085326	OK	 
REQUEST		post user info	1660228081181	1660228085343	OK	 
REQUEST		post user info	1660228082311	1660228085365	OK	 
REQUEST		get session	1660228082310	1660228085371	OK	 
REQUEST		get session	1660228082295	1660228085372	OK	 
REQUEST		get session	1660228081181	1660228085376	OK	 
REQUEST		post user info	1660228082295	1660228085377	OK	 
REQUEST		post user info	1660228081184	1660228085390	OK	 
REQUEST		post user info	1660228081181	1660228085427	OK	 
REQUEST		post user info	1660228082293	1660228085427	OK	 
USER	Registration	END	1660228102805
USER	Registration	END	1660228102907
USER	Registration	END	1660228102978
USER	Registration	END	1660228103008
USER	Registration	END	1660228103833
USER	Registration	END	1660228103861
USER	Registration	END	1660228104134
USER	Registration	END	1660228104189
USER	Registration	END	1660228104191
USER	Registration	END	1660228104224
USER	Registration	END	1660228104326
USER	Registration	END	1660228104343
USER	Registration	END	1660228104348
USER	Registration	END	1660228105116
USER	Registration	END	1660228105372
USER	Registration	END	1660228105377
USER	Registration	END	1660228105378
USER	Registration	END	1660228105391
USER	Registration	END	1660228105428
USER	Registration	END	1660228105428
