RUN	simulations.BahmniClinic	bahmniclinic	1660225844877	 	3.8.3
USER	Registration	START	1660225845790
USER	Consultation	START	1660225845798
USER	Registration	START	1660225845809
USER	Consultation	START	1660225845827
USER	Registration	START	1660225845867
USER	Consultation	START	1660225845877
USER	Registration	START	1660225845924
USER	Consultation	START	1660225845927
REQUEST		patient encounter	1660225845792	1660225845918	OK	 
REQUEST		patient encounter	1660225845876	1660225845949	OK	 
REQUEST		patient encounter	1660225845826	1660225845921	OK	 
REQUEST		patient encounter	1660225845926	1660225846023	OK	 
USER	Registration	START	1660225846061
USER	Consultation	START	1660225846066
USER	Registration	START	1660225846068
USER	Consultation	START	1660225846069
REQUEST		Chrome_Owned_96x96.png	1660225846058	1660225846074	OK	 
USER	Registration	START	1660225846075
REQUEST		Chrome_Owned_96x96.png	1660225846063	1660225846079	OK	 
REQUEST		Chrome_Owned_96x96.png	1660225846063	1660225846080	OK	 
USER	Consultation	START	1660225846080
REQUEST		Chrome_Owned_96x96.png	1660225846073	1660225846087	OK	 
REQUEST		googlelogo_white_background_color_272x92dp.png	1660225846064	1660225846089	OK	 
USER	Consultation	END	1660225846091
USER	Consultation	START	1660225846092
REQUEST		googlelogo_white_background_color_272x92dp.png	1660225846059	1660225846097	OK	 
REQUEST		googlelogo_white_background_color_272x92dp.png	1660225846063	1660225846097	OK	 
REQUEST		googlelogo_white_background_color_272x92dp.png	1660225846073	1660225846098	OK	 
USER	Consultation	END	1660225846099
USER	Consultation	START	1660225846100
USER	Registration	START	1660225846125
USER	Consultation	START	1660225846127
REQUEST		patient encounter	1660225846069	1660225846136	OK	 
REQUEST		patient encounter	1660225846065	1660225846146	OK	 
REQUEST		patient encounter	1660225846080	1660225846146	OK	 
REQUEST		Chrome_Owned_96x96.png	1660225846144	1660225846157	OK	 
REQUEST		patient encounter	1660225846092	1660225846165	OK	 
REQUEST		Chrome_Owned_96x96.png	1660225846155	1660225846167	OK	 
REQUEST		googlelogo_white_background_color_272x92dp.png	1660225846145	1660225846172	OK	 
USER	Registration	START	1660225846178
USER	Consultation	START	1660225846181
REQUEST		googlelogo_white_background_color_272x92dp.png	1660225846160	1660225846185	OK	 
REQUEST		Chrome_Owned_96x96.png	1660225846171	1660225846183	OK	 
REQUEST		patient encounter	1660225846100	1660225846176	OK	 
REQUEST		googlelogo_white_background_color_272x92dp.png	1660225846171	1660225846194	OK	 
USER	Consultation	END	1660225846195
USER	Consultation	START	1660225846196
REQUEST		patient encounter	1660225846127	1660225846204	OK	 
REQUEST		Chrome_Owned_96x96.png	1660225846160	1660225846200	OK	 
REQUEST		Chrome_Owned_96x96.png	1660225846199	1660225846210	OK	 
REQUEST		googlelogo_white_background_color_272x92dp.png	1660225846160	1660225846218	OK	 
USER	Registration	START	1660225846225
REQUEST		googlelogo_white_background_color_272x92dp.png	1660225846199	1660225846227	OK	 
REQUEST		Chrome_Owned_96x96.png	1660225846216	1660225846227	OK	 
USER	Consultation	START	1660225846228
REQUEST		googlelogo_white_background_color_272x92dp.png	1660225846217	1660225846237	OK	 
REQUEST		patient encounter	1660225846181	1660225846257	OK	 
REQUEST		patient encounter	1660225846195	1660225846258	OK	 
USER	Registration	START	1660225846276
USER	Consultation	START	1660225846279
REQUEST		Chrome_Owned_96x96.png	1660225846264	1660225846280	OK	 
REQUEST		Chrome_Owned_96x96.png	1660225846273	1660225846285	OK	 
REQUEST		patient encounter	1660225846227	1660225846293	OK	 
REQUEST		googlelogo_white_background_color_272x92dp.png	1660225846273	1660225846296	OK	 
REQUEST		googlelogo_white_background_color_272x92dp.png	1660225846264	1660225846302	OK	 
REQUEST		Chrome_Owned_96x96.png	1660225846300	1660225846312	OK	 
REQUEST		googlelogo_white_background_color_272x92dp.png	1660225846301	1660225846321	OK	 
USER	Registration	START	1660225846325
USER	Consultation	START	1660225846328
REQUEST		patient encounter	1660225846278	1660225846340	OK	 
REQUEST		Chrome_Owned_96x96.png	1660225846343	1660225846356	OK	 
REQUEST		googlelogo_white_background_color_272x92dp.png	1660225846344	1660225846365	OK	 
USER	Registration	START	1660225846375
USER	Consultation	START	1660225846378
REQUEST		patient encounter	1660225846327	1660225846395	OK	 
REQUEST		Chrome_Owned_96x96.png	1660225846398	1660225846410	OK	 
REQUEST		googlelogo_white_background_color_272x92dp.png	1660225846398	1660225846416	OK	 
USER	Registration	START	1660225846426
USER	Consultation	START	1660225846428
REQUEST		patient encounter	1660225846377	1660225846438	OK	 
REQUEST		Chrome_Owned_96x96.png	1660225846441	1660225846452	OK	 
REQUEST		googlelogo_white_background_color_272x92dp.png	1660225846442	1660225846462	OK	 
USER	Consultation	END	1660225846463
USER	Consultation	START	1660225846464
USER	Registration	START	1660225846476
USER	Consultation	START	1660225846478
REQUEST		patient encounter	1660225846428	1660225846492	OK	 
REQUEST		Chrome_Owned_96x96.png	1660225846495	1660225846507	OK	 
REQUEST		googlelogo_white_background_color_272x92dp.png	1660225846496	1660225846514	OK	 
REQUEST		patient encounter	1660225846463	1660225846525	OK	 
USER	Registration	START	1660225846531
USER	Consultation	START	1660225846535
REQUEST		patient encounter	1660225846478	1660225846540	OK	 
REQUEST		Chrome_Owned_96x96.png	1660225846529	1660225846542	OK	 
REQUEST		googlelogo_white_background_color_272x92dp.png	1660225846529	1660225846550	OK	 
REQUEST		googlelogo_white_background_color_272x92dp.png	1660225846543	1660225846562	OK	 
REQUEST		Chrome_Owned_96x96.png	1660225846543	1660225846565	OK	 
USER	Consultation	END	1660225846566
USER	Consultation	START	1660225846566
USER	Registration	START	1660225846576
USER	Consultation	START	1660225846581
REQUEST		patient encounter	1660225846534	1660225846602	OK	 
REQUEST		Chrome_Owned_96x96.png	1660225846605	1660225846621	OK	 
REQUEST		googlelogo_white_background_color_272x92dp.png	1660225846605	1660225846624	OK	 
USER	Registration	START	1660225846626
REQUEST		patient encounter	1660225846566	1660225846626	OK	 
USER	Consultation	START	1660225846631
REQUEST		Chrome_Owned_96x96.png	1660225846629	1660225846640	OK	 
REQUEST		googlelogo_white_background_color_272x92dp.png	1660225846630	1660225846650	OK	 
USER	Registration	START	1660225846676
USER	Consultation	START	1660225846682
REQUEST		patient encounter	1660225846631	1660225846686	OK	 
REQUEST		Chrome_Owned_96x96.png	1660225846690	1660225846703	OK	 
REQUEST		googlelogo_white_background_color_272x92dp.png	1660225846691	1660225846708	OK	 
REQUEST		patient encounter	1660225846581	1660225846720	OK	 
USER	Registration	START	1660225846726
USER	Consultation	START	1660225846731
REQUEST		Chrome_Owned_96x96.png	1660225846724	1660225846736	OK	 
REQUEST		googlelogo_white_background_color_272x92dp.png	1660225846724	1660225846742	OK	 
REQUEST		patient encounter	1660225846681	1660225846743	OK	 
REQUEST		Chrome_Owned_96x96.png	1660225846746	1660225846758	OK	 
REQUEST		googlelogo_white_background_color_272x92dp.png	1660225846747	1660225846764	OK	 
REQUEST		patient encounter	1660225846731	1660225846790	OK	 
REQUEST		Chrome_Owned_96x96.png	1660225846795	1660225846808	OK	 
REQUEST		googlelogo_white_background_color_272x92dp.png	1660225846795	1660225846816	OK	 
REQUEST		get login locations	1660225845808	1660225846882	OK	 
REQUEST		get login locations	1660225845786	1660225846915	OK	 
REQUEST		get login locations	1660225845866	1660225846942	OK	 
REQUEST		get login locations	1660225845924	1660225846960	OK	 
REQUEST		get login locations	1660225846075	1660225847087	OK	 
REQUEST		get login locations	1660225846067	1660225847087	OK	 
REQUEST		get login locations	1660225846060	1660225847109	OK	 
REQUEST		get login locations	1660225846124	1660225847109	OK	 
REQUEST		get locale.allowed.list global property	1660225846888	1660225847121	OK	 
REQUEST		get login locations	1660225846178	1660225847132	OK	 
REQUEST		get locale.allowed.list global property	1660225846916	1660225847145	OK	 
REQUEST		get login locations	1660225846225	1660225847159	OK	 
REQUEST		get locale.allowed.list global property	1660225846943	1660225847184	OK	 
REQUEST		get login locations	1660225846276	1660225847243	OK	 
REQUEST		get locale.allowed.list global property	1660225846961	1660225847250	OK	 
REQUEST		get locale.allowed.list global property	1660225847088	1660225847323	OK	 
REQUEST		get locale.allowed.list global property	1660225847088	1660225847339	OK	 
REQUEST		get locale.allowed.list global property	1660225847110	1660225847344	OK	 
REQUEST		get locale.allowed.list global property	1660225847110	1660225847350	OK	 
REQUEST		get locale.allowed.list global property	1660225847132	1660225847380	OK	 
REQUEST		get locale.allowed.list global property	1660225847160	1660225847397	OK	 
REQUEST		get user	1660225847124	1660225847399	OK	 
REQUEST		get user	1660225847251	1660225847517	OK	 
REQUEST		get user	1660225847147	1660225847401	OK	 
REQUEST		search bahmni	1660225847173	1660225847621	OK	 
REQUEST		search bahmni	1660225847099	1660225847616	OK	 
USER	Consultation	END	1660225847624
REQUEST		get user	1660225847185	1660225847499	OK	 
REQUEST		get locale.allowed.list global property	1660225847244	1660225847628	OK	 
REQUEST		search bahmni	1660225847219	1660225847628	OK	 
USER	Consultation	END	1660225847632
REQUEST		search bahmni	1660225847099	1660225847628	OK	 
USER	Consultation	END	1660225847634
USER	Consultation	END	1660225847638
REQUEST		search bahmni	1660225847186	1660225847635	OK	 
REQUEST		search bahmni	1660225847227	1660225847637	OK	 
USER	Consultation	END	1660225847645
USER	Consultation	END	1660225847646
USER	Consultation	START	1660225847647
REQUEST		search bahmni	1660225847238	1660225847640	OK	 
USER	Consultation	START	1660225847647
USER	Consultation	START	1660225847648
REQUEST		get user	1660225847351	1660225847648	OK	 
USER	Consultation	END	1660225847651
REQUEST		get user	1660225847340	1660225847649	OK	 
REQUEST		get user	1660225847324	1660225847654	OK	 
USER	Consultation	START	1660225847657
USER	Consultation	START	1660225847663
USER	Consultation	START	1660225847662
REQUEST		get user	1660225847345	1660225847667	OK	 
USER	Consultation	START	1660225847669
REQUEST		get user	1660225847398	1660225847675	OK	 
REQUEST		get user	1660225847381	1660225847679	OK	 
REQUEST		search bahmni	1660225847321	1660225847687	OK	 
REQUEST		search bahmni	1660225847296	1660225847690	OK	 
USER	Consultation	END	1660225847693
USER	Consultation	END	1660225847693
USER	Consultation	START	1660225847694
USER	Consultation	START	1660225847695
REQUEST		patient encounter	1660225847647	1660225847709	OK	 
REQUEST		patient encounter	1660225847648	1660225847719	OK	 
REQUEST		patient encounter	1660225847646	1660225847725	OK	 
REQUEST		patient encounter	1660225847663	1660225847730	OK	 
REQUEST		patient encounter	1660225847662	1660225847732	OK	 
REQUEST		Chrome_Owned_96x96.png	1660225847722	1660225847734	OK	 
REQUEST		Chrome_Owned_96x96.png	1660225847712	1660225847733	OK	 
REQUEST		googlelogo_white_background_color_272x92dp.png	1660225847723	1660225847741	OK	 
REQUEST		patient encounter	1660225847657	1660225847742	OK	 
REQUEST		Chrome_Owned_96x96.png	1660225847729	1660225847743	OK	 
REQUEST		patient encounter	1660225847669	1660225847746	OK	 
REQUEST		patient encounter	1660225847694	1660225847748	OK	 
REQUEST		googlelogo_white_background_color_272x92dp.png	1660225847712	1660225847749	OK	 
USER	Consultation	END	1660225847752
REQUEST		googlelogo_white_background_color_272x92dp.png	1660225847733	1660225847752	OK	 
REQUEST		patient encounter	1660225847694	1660225847753	OK	 
REQUEST		Chrome_Owned_96x96.png	1660225847739	1660225847758	OK	 
REQUEST		Chrome_Owned_96x96.png	1660225847744	1660225847759	OK	 
USER	Consultation	START	1660225847761
REQUEST		Chrome_Owned_96x96.png	1660225847751	1660225847764	OK	 
REQUEST		googlelogo_white_background_color_272x92dp.png	1660225847751	1660225847767	OK	 
REQUEST		Chrome_Owned_96x96.png	1660225847735	1660225847767	OK	 
REQUEST		search bahmni	1660225847303	1660225847771	OK	 
REQUEST		Chrome_Owned_96x96.png	1660225847758	1660225847771	OK	 
USER	Consultation	END	1660225847773
REQUEST		googlelogo_white_background_color_272x92dp.png	1660225847739	1660225847777	OK	 
REQUEST		googlelogo_white_background_color_272x92dp.png	1660225847744	1660225847778	OK	 
REQUEST		Chrome_Owned_96x96.png	1660225847760	1660225847777	OK	 
REQUEST		search bahmni	1660225847365	1660225847781	OK	 
USER	Consultation	END	1660225847783
REQUEST		search bahmni	1660225847417	1660225847784	OK	 
USER	Consultation	END	1660225847786
REQUEST		googlelogo_white_background_color_272x92dp.png	1660225847758	1660225847788	OK	 
REQUEST		googlelogo_white_background_color_272x92dp.png	1660225847735	1660225847789	OK	 
REQUEST		googlelogo_white_background_color_272x92dp.png	1660225847760	1660225847789	OK	 
REQUEST		patient encounter	1660225847761	1660225847828	OK	 
REQUEST		Chrome_Owned_96x96.png	1660225847833	1660225847843	OK	 
REQUEST		googlelogo_white_background_color_272x92dp.png	1660225847833	1660225847854	OK	 
REQUEST		get provider	1660225847618	1660225847873	OK	 
REQUEST		get provider	1660225847611	1660225847879	OK	 
REQUEST		get provider	1660225847611	1660225847917	OK	 
REQUEST		get user	1660225847662	1660225847918	OK	 
REQUEST		get provider	1660225847626	1660225847922	OK	 
REQUEST		get provider	1660225847681	1660225847954	OK	 
REQUEST		search bahmni	1660225847613	1660225847961	OK	 
REQUEST		get provider	1660225847660	1660225847963	OK	 
REQUEST		get provider	1660225847658	1660225847964	OK	 
USER	Consultation	END	1660225847965
REQUEST		get provider	1660225847676	1660225847966	OK	 
REQUEST		get provider	1660225847670	1660225847967	OK	 
REQUEST		get provider	1660225847653	1660225847974	OK	 
REQUEST		search bahmni	1660225847613	1660225847982	OK	 
USER	Consultation	END	1660225847985
REQUEST		search bahmni	1660225847666	1660225848001	OK	 
USER	Consultation	END	1660225848003
REQUEST		search bahmni	1660225847659	1660225848045	OK	 
USER	Consultation	END	1660225848048
REQUEST		search bahmni	1660225847712	1660225848082	OK	 
USER	Consultation	END	1660225848084
REQUEST		search bahmni	1660225847742	1660225848113	OK	 
USER	Consultation	END	1660225848116
REQUEST		search bahmni	1660225847768	1660225848146	OK	 
USER	Consultation	END	1660225848149
REQUEST		get provider	1660225847920	1660225848200	OK	 
REQUEST		get login locations	1660225846325	1660225848227	OK	 
REQUEST		get login locations	1660225846375	1660225848228	OK	 
REQUEST		search bahmni	1660225847817	1660225848240	OK	 
USER	Consultation	END	1660225848242
REQUEST		get locale.allowed.list global property	1660225848229	1660225848467	OK	 
REQUEST		get locale.allowed.list global property	1660225848227	1660225848467	OK	 
REQUEST		get user	1660225848469	1660225848728	OK	 
REQUEST		get user	1660225848470	1660225848730	OK	 
REQUEST		get provider	1660225848733	1660225848980	OK	 
REQUEST		get provider	1660225848733	1660225849000	OK	 
REQUEST		search bahmni	1660225848742	1660225849080	OK	 
USER	Consultation	END	1660225849082
REQUEST		search bahmni	1660225848779	1660225849133	OK	 
USER	Consultation	END	1660225849136
REQUEST		search bahmni	1660225848767	1660225849137	OK	 
USER	Consultation	END	1660225849139
REQUEST		search bahmni	1660225848789	1660225849144	OK	 
USER	Consultation	END	1660225849146
REQUEST		search bahmni	1660225848789	1660225849158	OK	 
REQUEST		search bahmni	1660225848778	1660225849161	OK	 
USER	Consultation	END	1660225849163
USER	Consultation	END	1660225849163
REQUEST		search bahmni	1660225848753	1660225849164	OK	 
USER	Consultation	END	1660225849166
REQUEST		search bahmni	1660225848854	1660225849190	OK	 
USER	Consultation	END	1660225849192
REQUEST		get login locations	1660225846425	1660225849209	OK	 
REQUEST		get login locations	1660225846576	1660225849233	OK	 
REQUEST		get login locations	1660225846475	1660225849246	OK	 
REQUEST		search bahmni	1660225848789	1660225849261	OK	 
USER	Consultation	END	1660225849264
REQUEST		get login locations	1660225846531	1660225849281	OK	 
REQUEST		get locale.allowed.list global property	1660225849210	1660225849443	OK	 
REQUEST		get locale.allowed.list global property	1660225849234	1660225849477	OK	 
REQUEST		get locale.allowed.list global property	1660225849247	1660225849486	OK	 
REQUEST		get locale.allowed.list global property	1660225849281	1660225849523	OK	 
REQUEST		get user	1660225849478	1660225849828	OK	 
REQUEST		get user	1660225849487	1660225849829	OK	 
REQUEST		get user	1660225849444	1660225849828	OK	 
REQUEST		get user	1660225849524	1660225849843	OK	 
REQUEST		get provider	1660225849831	1660225850090	OK	 
REQUEST		get provider	1660225849830	1660225850125	OK	 
REQUEST		get provider	1660225849835	1660225850125	OK	 
REQUEST		get provider	1660225849844	1660225850129	OK	 
REQUEST		get login locations	1660225846626	1660225850182	OK	 
REQUEST		get login locations	1660225846726	1660225850245	OK	 
REQUEST		get login locations	1660225846676	1660225850283	OK	 
REQUEST		post audit log	1660225847612	1660225850304	OK	 
REQUEST		post audit log	1660225847613	1660225850346	OK	 
REQUEST		get bahmni.enableAuditLog global property	1660225847612	1660225850347	OK	 
REQUEST		post user info	1660225847612	1660225850366	OK	 
REQUEST		post user info	1660225847612	1660225850395	OK	 
REQUEST		get locale.allowed.list global property	1660225850183	1660225850418	OK	 
REQUEST		get locale.allowed.list global property	1660225850246	1660225850476	OK	 
REQUEST		get locale.allowed.list global property	1660225850284	1660225850520	OK	 
REQUEST		get user	1660225850419	1660225850786	OK	 
REQUEST		get user	1660225850520	1660225850807	OK	 
REQUEST		get user	1660225850478	1660225850819	OK	 
REQUEST		get provider	1660225850788	1660225851032	OK	 
REQUEST		get provider	1660225850809	1660225851064	OK	 
REQUEST		get provider	1660225850821	1660225851067	OK	 
REQUEST		get session	1660225847618	1660225851182	OK	 
REQUEST		get bahmni.enableAuditLog global property	1660225847612	1660225851268	OK	 
REQUEST		get session	1660225847611	1660225851285	OK	 
REQUEST		post audit log	1660225847626	1660225851332	OK	 
REQUEST		get session	1660225847611	1660225851355	OK	 
REQUEST		post audit log	1660225847618	1660225851356	OK	 
REQUEST		get session	1660225847626	1660225851357	OK	 
REQUEST		get bahmni.enableAuditLog global property	1660225847657	1660225851373	OK	 
REQUEST		get bahmni.enableAuditLog global property	1660225847618	1660225851389	OK	 
REQUEST		post audit log	1660225847657	1660225851405	OK	 
REQUEST		get bahmni.enableAuditLog global property	1660225847626	1660225851418	OK	 
REQUEST		get bahmni.enableAuditLog global property	1660225847659	1660225851442	OK	 
REQUEST		get session	1660225847656	1660225851451	OK	 
REQUEST		post user info	1660225847618	1660225851463	OK	 
REQUEST		post user info	1660225847626	1660225851470	OK	 
REQUEST		post user info	1660225847656	1660225851500	OK	 
REQUEST		get session	1660225847658	1660225852247	OK	 
REQUEST		post audit log	1660225847659	1660225852338	OK	 
REQUEST		post audit log	1660225847661	1660225852345	OK	 
REQUEST		post user info	1660225847658	1660225852350	OK	 
REQUEST		get session	1660225847670	1660225852385	OK	 
REQUEST		get bahmni.enableAuditLog global property	1660225847670	1660225852395	OK	 
REQUEST		get bahmni.enableAuditLog global property	1660225847661	1660225852407	OK	 
REQUEST		post audit log	1660225847682	1660225852410	OK	 
REQUEST		get bahmni.enableAuditLog global property	1660225847677	1660225852420	OK	 
REQUEST		post audit log	1660225847671	1660225852431	OK	 
REQUEST		get session	1660225847661	1660225852455	OK	 
REQUEST		post audit log	1660225847677	1660225852486	OK	 
REQUEST		get bahmni.enableAuditLog global property	1660225848734	1660225852582	OK	 
REQUEST		get session	1660225847920	1660225852585	OK	 
REQUEST		get session	1660225847681	1660225852586	OK	 
REQUEST		post audit log	1660225847921	1660225852587	OK	 
REQUEST		get session	1660225848734	1660225852587	OK	 
REQUEST		get bahmni.enableAuditLog global property	1660225847681	1660225852589	OK	 
REQUEST		get session	1660225847676	1660225852591	OK	 
REQUEST		get bahmni.enableAuditLog global property	1660225847921	1660225852594	OK	 
REQUEST		get bahmni.enableAuditLog global property	1660225848734	1660225852630	OK	 
REQUEST		post audit log	1660225848734	1660225852653	OK	 
REQUEST		post audit log	1660225848734	1660225852658	OK	 
REQUEST		get session	1660225848734	1660225852688	OK	 
REQUEST		post user info	1660225847681	1660225852704	OK	 
REQUEST		post user info	1660225847670	1660225852720	OK	 
REQUEST		post user info	1660225847661	1660225852730	OK	 
REQUEST		get session	1660225849831	1660225852759	OK	 
REQUEST		post user info	1660225847677	1660225852798	OK	 
REQUEST		post user info	1660225848734	1660225852800	OK	 
REQUEST		post user info	1660225848734	1660225852820	OK	 
REQUEST		post user info	1660225847921	1660225852826	OK	 
REQUEST		get bahmni.enableAuditLog global property	1660225849832	1660225853491	OK	 
REQUEST		post user info	1660225849832	1660225853638	OK	 
REQUEST		post audit log	1660225849832	1660225853691	OK	 
REQUEST		get bahmni.enableAuditLog global property	1660225849831	1660225853719	OK	 
REQUEST		get bahmni.enableAuditLog global property	1660225849837	1660225853734	OK	 
REQUEST		post audit log	1660225849831	1660225853733	OK	 
REQUEST		get session	1660225849832	1660225853733	OK	 
REQUEST		post audit log	1660225849837	1660225853735	OK	 
REQUEST		get session	1660225849835	1660225853743	OK	 
REQUEST		post user info	1660225849831	1660225853765	OK	 
REQUEST		get session	1660225849845	1660225853788	OK	 
REQUEST		get bahmni.enableAuditLog global property	1660225849845	1660225853809	OK	 
REQUEST		post user info	1660225849845	1660225853867	OK	 
REQUEST		post audit log	1660225850789	1660225853868	OK	 
REQUEST		get bahmni.enableAuditLog global property	1660225850789	1660225853871	OK	 
REQUEST		get session	1660225850821	1660225853921	OK	 
REQUEST		post audit log	1660225850822	1660225853926	OK	 
REQUEST		get bahmni.enableAuditLog global property	1660225850809	1660225853930	OK	 
REQUEST		get bahmni.enableAuditLog global property	1660225850821	1660225853938	OK	 
REQUEST		post audit log	1660225849845	1660225853943	OK	 
REQUEST		get session	1660225850788	1660225853946	OK	 
REQUEST		post audit log	1660225850809	1660225853946	OK	 
REQUEST		post user info	1660225849837	1660225853950	OK	 
REQUEST		get session	1660225850809	1660225853969	OK	 
REQUEST		post user info	1660225850821	1660225854011	OK	 
REQUEST		post user info	1660225850789	1660225854025	OK	 
REQUEST		post user info	1660225850809	1660225854028	OK	 
USER	Registration	END	1660225871286
USER	Registration	END	1660225871356
USER	Registration	END	1660225871464
USER	Registration	END	1660225871470
USER	Registration	END	1660225871501
USER	Registration	END	1660225872351
USER	Registration	END	1660225872705
USER	Registration	END	1660225872720
USER	Registration	END	1660225872731
USER	Registration	END	1660225872799
USER	Registration	END	1660225872801
USER	Registration	END	1660225872821
USER	Registration	END	1660225872826
USER	Registration	END	1660225873735
USER	Registration	END	1660225873766
USER	Registration	END	1660225873944
USER	Registration	END	1660225873950
USER	Registration	END	1660225874012
USER	Registration	END	1660225874025
USER	Registration	END	1660225874029
