RUN	simulations.BahmniClinic	bahmniclinic	1660211747513	 	3.8.3
USER	Registration	START	1660211748353
USER	Consultation	START	1660211748361
USER	Registration	START	1660211748372
USER	Consultation	START	1660211748380
USER	Registration	START	1660211748426
USER	Consultation	START	1660211748431
USER	Registration	START	1660211748478
USER	Consultation	START	1660211748481
REQUEST		patient encounter	1660211748380	1660211748494	OK	 
REQUEST		patient encounter	1660211748356	1660211748485	OK	 
REQUEST		patient encounter	1660211748430	1660211748527	OK	 
REQUEST		patient encounter	1660211748480	1660211748562	OK	 
USER	Registration	START	1660211748637
USER	Consultation	START	1660211748638
USER	Registration	START	1660211748642
USER	Registration	START	1660211748639
USER	Consultation	START	1660211748643
USER	Consultation	START	1660211748643
REQUEST		Chrome_Owned_96x96.png	1660211748634	1660211748652	OK	 
REQUEST		Chrome_Owned_96x96.png	1660211748634	1660211748659	OK	 
REQUEST		Chrome_Owned_96x96.png	1660211748638	1660211748661	OK	 
REQUEST		googlelogo_white_background_color_272x92dp.png	1660211748635	1660211748666	OK	 
REQUEST		googlelogo_white_background_color_272x92dp.png	1660211748635	1660211748675	OK	 
REQUEST		googlelogo_white_background_color_272x92dp.png	1660211748638	1660211748675	OK	 
REQUEST		googlelogo_white_background_color_272x92dp.png	1660211748639	1660211748676	OK	 
USER	Registration	START	1660211748679
USER	Consultation	START	1660211748681
REQUEST		Chrome_Owned_96x96.png	1660211748638	1660211748700	OK	 
USER	Consultation	END	1660211748703
USER	Consultation	START	1660211748704
REQUEST		patient encounter	1660211748637	1660211748729	OK	 
REQUEST		patient encounter	1660211748642	1660211748725	OK	 
REQUEST		patient encounter	1660211748643	1660211748737	OK	 
USER	Registration	START	1660211748754
USER	Consultation	START	1660211748757
REQUEST		Chrome_Owned_96x96.png	1660211748744	1660211748762	OK	 
REQUEST		patient encounter	1660211748681	1660211748764	OK	 
REQUEST		Chrome_Owned_96x96.png	1660211748753	1660211748770	OK	 
REQUEST		Chrome_Owned_96x96.png	1660211748748	1660211748771	OK	 
REQUEST		googlelogo_white_background_color_272x92dp.png	1660211748745	1660211748778	OK	 
USER	Consultation	END	1660211748779
USER	Consultation	START	1660211748780
USER	Registration	START	1660211748780
USER	Consultation	START	1660211748781
REQUEST		googlelogo_white_background_color_272x92dp.png	1660211748753	1660211748788	OK	 
REQUEST		googlelogo_white_background_color_272x92dp.png	1660211748749	1660211748788	OK	 
REQUEST		Chrome_Owned_96x96.png	1660211748775	1660211748791	OK	 
REQUEST		googlelogo_white_background_color_272x92dp.png	1660211748775	1660211748814	OK	 
REQUEST		patient encounter	1660211748704	1660211748821	OK	 
USER	Registration	START	1660211748829
USER	Consultation	START	1660211748831
REQUEST		patient encounter	1660211748756	1660211748857	OK	 
REQUEST		patient encounter	1660211748780	1660211748855	OK	 
REQUEST		patient encounter	1660211748781	1660211748876	OK	 
REQUEST		Chrome_Owned_96x96.png	1660211748831	1660211748879	OK	 
USER	Registration	START	1660211748879
USER	Consultation	START	1660211748881
REQUEST		Chrome_Owned_96x96.png	1660211748874	1660211748893	OK	 
REQUEST		googlelogo_white_background_color_272x92dp.png	1660211748833	1660211748896	OK	 
USER	Consultation	END	1660211748896
USER	Consultation	START	1660211748897
REQUEST		Chrome_Owned_96x96.png	1660211748868	1660211748899	OK	 
REQUEST		googlelogo_white_background_color_272x92dp.png	1660211748874	1660211748906	OK	 
REQUEST		Chrome_Owned_96x96.png	1660211748890	1660211748907	OK	 
REQUEST		patient encounter	1660211748831	1660211748913	OK	 
REQUEST		googlelogo_white_background_color_272x92dp.png	1660211748868	1660211748922	OK	 
USER	Registration	START	1660211748929
REQUEST		googlelogo_white_background_color_272x92dp.png	1660211748891	1660211748931	OK	 
USER	Consultation	START	1660211748931
REQUEST		Chrome_Owned_96x96.png	1660211748923	1660211748940	OK	 
REQUEST		googlelogo_white_background_color_272x92dp.png	1660211748924	1660211748955	OK	 
USER	Consultation	END	1660211748957
USER	Consultation	START	1660211748959
REQUEST		patient encounter	1660211748881	1660211748960	OK	 
USER	Registration	START	1660211748979
REQUEST		patient encounter	1660211748897	1660211748979	OK	 
USER	Consultation	START	1660211748981
REQUEST		Chrome_Owned_96x96.png	1660211748965	1660211748986	OK	 
REQUEST		Chrome_Owned_96x96.png	1660211748984	1660211749001	OK	 
REQUEST		googlelogo_white_background_color_272x92dp.png	1660211748965	1660211749002	OK	 
REQUEST		patient encounter	1660211748931	1660211749006	OK	 
REQUEST		googlelogo_white_background_color_272x92dp.png	1660211748985	1660211749016	OK	 
REQUEST		Chrome_Owned_96x96.png	1660211749009	1660211749025	OK	 
USER	Registration	START	1660211749029
USER	Consultation	START	1660211749032
REQUEST		patient encounter	1660211748958	1660211749039	OK	 
REQUEST		googlelogo_white_background_color_272x92dp.png	1660211749009	1660211749041	OK	 
REQUEST		Chrome_Owned_96x96.png	1660211749042	1660211749058	OK	 
REQUEST		patient encounter	1660211748981	1660211749063	OK	 
REQUEST		googlelogo_white_background_color_272x92dp.png	1660211749042	1660211749072	OK	 
USER	Registration	START	1660211749079
USER	Consultation	START	1660211749085
REQUEST		Chrome_Owned_96x96.png	1660211749069	1660211749085	OK	 
REQUEST		googlelogo_white_background_color_272x92dp.png	1660211749069	1660211749100	OK	 
REQUEST		patient encounter	1660211749031	1660211749102	OK	 
REQUEST		Chrome_Owned_96x96.png	1660211749106	1660211749122	OK	 
USER	Registration	START	1660211749130
USER	Consultation	START	1660211749135
REQUEST		googlelogo_white_background_color_272x92dp.png	1660211749106	1660211749137	OK	 
USER	Consultation	END	1660211749139
USER	Consultation	START	1660211749140
REQUEST		patient encounter	1660211749084	1660211749159	OK	 
REQUEST		Chrome_Owned_96x96.png	1660211749163	1660211749178	OK	 
USER	Registration	START	1660211749180
USER	Consultation	START	1660211749185
REQUEST		patient encounter	1660211749134	1660211749210	OK	 
REQUEST		patient encounter	1660211749139	1660211749218	OK	 
REQUEST		Chrome_Owned_96x96.png	1660211749213	1660211749229	OK	 
USER	Registration	START	1660211749230
REQUEST		googlelogo_white_background_color_272x92dp.png	1660211749163	1660211749233	OK	 
USER	Consultation	START	1660211749235
REQUEST		Chrome_Owned_96x96.png	1660211749221	1660211749238	OK	 
REQUEST		googlelogo_white_background_color_272x92dp.png	1660211749213	1660211749248	OK	 
REQUEST		googlelogo_white_background_color_272x92dp.png	1660211749221	1660211749257	OK	 
USER	Consultation	END	1660211749258
USER	Consultation	START	1660211749259
REQUEST		patient encounter	1660211749184	1660211749265	OK	 
USER	Registration	START	1660211749280
REQUEST		Chrome_Owned_96x96.png	1660211749268	1660211749283	OK	 
USER	Consultation	START	1660211749285
REQUEST		googlelogo_white_background_color_272x92dp.png	1660211749268	1660211749298	OK	 
REQUEST		patient encounter	1660211749234	1660211749312	OK	 
REQUEST		Chrome_Owned_96x96.png	1660211749315	1660211749331	OK	 
REQUEST		patient encounter	1660211749259	1660211749346	OK	 
REQUEST		googlelogo_white_background_color_272x92dp.png	1660211749315	1660211749347	OK	 
REQUEST		patient encounter	1660211749284	1660211749366	OK	 
REQUEST		Chrome_Owned_96x96.png	1660211749350	1660211749371	OK	 
REQUEST		googlelogo_white_background_color_272x92dp.png	1660211749350	1660211749380	OK	 
REQUEST		Chrome_Owned_96x96.png	1660211749369	1660211749385	OK	 
REQUEST		googlelogo_white_background_color_272x92dp.png	1660211749369	1660211749399	OK	 
REQUEST		get login locations	1660211748371	1660211749400	OK	 
REQUEST		get login locations	1660211748349	1660211749419	OK	 
REQUEST		get login locations	1660211748425	1660211749421	OK	 
REQUEST		get login locations	1660211748478	1660211749436	OK	 
REQUEST		get login locations	1660211748637	1660211749604	OK	 
REQUEST		get login locations	1660211748641	1660211749606	OK	 
REQUEST		get login locations	1660211748639	1660211749608	OK	 
REQUEST		get login locations	1660211748678	1660211749626	OK	 
REQUEST		get locale.allowed.list global property	1660211749407	1660211749638	OK	 
REQUEST		get locale.allowed.list global property	1660211749420	1660211749645	OK	 
REQUEST		get locale.allowed.list global property	1660211749421	1660211749658	OK	 
REQUEST		get locale.allowed.list global property	1660211749437	1660211749667	OK	 
REQUEST		get login locations	1660211748780	1660211749691	OK	 
REQUEST		get login locations	1660211748754	1660211749694	OK	 
REQUEST		get locale.allowed.list global property	1660211749607	1660211749836	OK	 
REQUEST		get locale.allowed.list global property	1660211749609	1660211749838	OK	 
REQUEST		get locale.allowed.list global property	1660211749606	1660211749845	OK	 
REQUEST		get locale.allowed.list global property	1660211749627	1660211749898	OK	 
REQUEST		get user	1660211749646	1660211749892	OK	 
REQUEST		get user	1660211749659	1660211749907	OK	 
REQUEST		get user	1660211749641	1660211749892	OK	 
REQUEST		get locale.allowed.list global property	1660211749695	1660211750081	OK	 
REQUEST		get locale.allowed.list global property	1660211749692	1660211750084	OK	 
REQUEST		get user	1660211749838	1660211750085	OK	 
REQUEST		get user	1660211749669	1660211749912	OK	 
REQUEST		search bahmni	1660211749668	1660211750089	OK	 
REQUEST		search bahmni	1660211749675	1660211750089	OK	 
USER	Consultation	END	1660211750099
REQUEST		search bahmni	1660211749675	1660211750096	OK	 
USER	Consultation	END	1660211750102
USER	Consultation	END	1660211750103
USER	Consultation	START	1660211750104
USER	Consultation	START	1660211750106
USER	Consultation	START	1660211750106
REQUEST		get user	1660211749839	1660211750108	OK	 
REQUEST		get user	1660211749846	1660211750107	OK	 
REQUEST		search bahmni	1660211749788	1660211750116	OK	 
USER	Consultation	END	1660211750119
USER	Consultation	START	1660211750120
REQUEST		search bahmni	1660211749788	1660211750122	OK	 
USER	Consultation	END	1660211750125
USER	Consultation	START	1660211750126
REQUEST		get user	1660211749899	1660211750146	OK	 
REQUEST		search bahmni	1660211749815	1660211750176	OK	 
REQUEST		patient encounter	1660211750103	1660211750178	OK	 
REQUEST		patient encounter	1660211750106	1660211750183	OK	 
USER	Consultation	END	1660211750186
USER	Consultation	START	1660211750190
REQUEST		patient encounter	1660211750104	1660211750194	OK	 
REQUEST		patient encounter	1660211750120	1660211750202	OK	 
REQUEST		patient encounter	1660211750126	1660211750205	OK	 
REQUEST		Chrome_Owned_96x96.png	1660211750189	1660211750210	OK	 
REQUEST		Chrome_Owned_96x96.png	1660211750197	1660211750219	OK	 
REQUEST		Chrome_Owned_96x96.png	1660211750188	1660211750219	OK	 
REQUEST		googlelogo_white_background_color_272x92dp.png	1660211750189	1660211750221	OK	 
REQUEST		Chrome_Owned_96x96.png	1660211750205	1660211750222	OK	 
REQUEST		Chrome_Owned_96x96.png	1660211750208	1660211750231	OK	 
REQUEST		googlelogo_white_background_color_272x92dp.png	1660211750188	1660211750231	OK	 
USER	Consultation	END	1660211750232
REQUEST		googlelogo_white_background_color_272x92dp.png	1660211750197	1660211750233	OK	 
USER	Consultation	START	1660211750233
USER	Consultation	END	1660211750233
USER	Consultation	START	1660211750234
REQUEST		googlelogo_white_background_color_272x92dp.png	1660211750208	1660211750240	OK	 
REQUEST		googlelogo_white_background_color_272x92dp.png	1660211750206	1660211750241	OK	 
REQUEST		patient encounter	1660211750188	1660211750279	OK	 
REQUEST		Chrome_Owned_96x96.png	1660211750282	1660211750300	OK	 
REQUEST		patient encounter	1660211750233	1660211750312	OK	 
REQUEST		patient encounter	1660211750234	1660211750314	OK	 
REQUEST		googlelogo_white_background_color_272x92dp.png	1660211750283	1660211750318	OK	 
REQUEST		Chrome_Owned_96x96.png	1660211750316	1660211750331	OK	 
REQUEST		get provider	1660211750079	1660211750335	OK	 
REQUEST		Chrome_Owned_96x96.png	1660211750317	1660211750340	OK	 
REQUEST		googlelogo_white_background_color_272x92dp.png	1660211750317	1660211750348	OK	 
REQUEST		googlelogo_white_background_color_272x92dp.png	1660211750316	1660211750357	OK	 
REQUEST		get provider	1660211750090	1660211750359	OK	 
REQUEST		get user	1660211750091	1660211750373	OK	 
REQUEST		get provider	1660211750113	1660211750384	OK	 
REQUEST		get user	1660211750103	1660211750386	OK	 
REQUEST		get provider	1660211750079	1660211750387	OK	 
REQUEST		get provider	1660211750093	1660211750389	OK	 
REQUEST		get provider	1660211750082	1660211750390	OK	 
REQUEST		get provider	1660211750110	1660211750394	OK	 
REQUEST		get provider	1660211750148	1660211750400	OK	 
REQUEST		search bahmni	1660211750081	1660211750406	OK	 
USER	Consultation	END	1660211750408
REQUEST		search bahmni	1660211750084	1660211750415	OK	 
USER	Consultation	END	1660211750418
REQUEST		search bahmni	1660211750081	1660211750422	OK	 
REQUEST		search bahmni	1660211750094	1660211750423	OK	 
USER	Consultation	END	1660211750425
USER	Consultation	END	1660211750425
REQUEST		search bahmni	1660211750084	1660211750437	OK	 
USER	Consultation	END	1660211750440
REQUEST		search bahmni	1660211750094	1660211750445	OK	 
USER	Consultation	END	1660211750447
REQUEST		search bahmni	1660211750107	1660211750448	OK	 
REQUEST		search bahmni	1660211750081	1660211750449	OK	 
USER	Consultation	END	1660211750452
USER	Consultation	END	1660211750455
REQUEST		get login locations	1660211748829	1660211750567	OK	 
REQUEST		search bahmni	1660211750235	1660211750596	OK	 
USER	Consultation	END	1660211750599
REQUEST		search bahmni	1660211750248	1660211750606	OK	 
USER	Consultation	END	1660211750608
REQUEST		get provider	1660211750387	1660211750621	OK	 
REQUEST		get provider	1660211750382	1660211750622	OK	 
REQUEST		search bahmni	1660211750299	1660211750632	OK	 
USER	Consultation	END	1660211750635
REQUEST		search bahmni	1660211750347	1660211750689	OK	 
USER	Consultation	END	1660211750692
REQUEST		search bahmni	1660211750381	1660211750721	OK	 
USER	Consultation	END	1660211750724
REQUEST		search bahmni	1660211750400	1660211750739	OK	 
USER	Consultation	END	1660211750742
REQUEST		get locale.allowed.list global property	1660211750568	1660211750796	OK	 
REQUEST		get user	1660211750797	1660211751033	OK	 
REQUEST		get provider	1660211751036	1660211751272	OK	 
REQUEST		get login locations	1660211748879	1660211751411	OK	 
REQUEST		get login locations	1660211748929	1660211751417	OK	 
REQUEST		search bahmni	1660211751221	1660211751563	OK	 
USER	Consultation	END	1660211751565
REQUEST		search bahmni	1660211751242	1660211751590	OK	 
USER	Consultation	END	1660211751593
REQUEST		search bahmni	1660211751241	1660211751607	OK	 
USER	Consultation	END	1660211751610
REQUEST		get locale.allowed.list global property	1660211751412	1660211751636	OK	 
REQUEST		get locale.allowed.list global property	1660211751417	1660211751645	OK	 
REQUEST		search bahmni	1660211751319	1660211751670	OK	 
USER	Consultation	END	1660211751672
REQUEST		search bahmni	1660211751358	1660211751690	OK	 
USER	Consultation	END	1660211751692
REQUEST		search bahmni	1660211751349	1660211751701	OK	 
USER	Consultation	END	1660211751703
REQUEST		get user	1660211751637	1660211751890	OK	 
REQUEST		get user	1660211751646	1660211751917	OK	 
REQUEST		get provider	1660211751892	1660211752190	OK	 
REQUEST		get provider	1660211751919	1660211752256	OK	 
REQUEST		get login locations	1660211749029	1660211752672	OK	 
REQUEST		get login locations	1660211748979	1660211752673	OK	 
REQUEST		get login locations	1660211749129	1660211752681	OK	 
REQUEST		get login locations	1660211749079	1660211752685	OK	 
REQUEST		get locale.allowed.list global property	1660211752673	1660211752900	OK	 
REQUEST		get locale.allowed.list global property	1660211752674	1660211752905	OK	 
REQUEST		get locale.allowed.list global property	1660211752682	1660211752910	OK	 
REQUEST		get locale.allowed.list global property	1660211752686	1660211752914	OK	 
REQUEST		get user	1660211752901	1660211753150	OK	 
REQUEST		get user	1660211752906	1660211753155	OK	 
REQUEST		get user	1660211752915	1660211753166	OK	 
REQUEST		get user	1660211752911	1660211753174	OK	 
REQUEST		get provider	1660211753156	1660211753423	OK	 
REQUEST		get provider	1660211753152	1660211753433	OK	 
REQUEST		get provider	1660211753176	1660211753436	OK	 
REQUEST		get provider	1660211753168	1660211753437	OK	 
REQUEST		post audit log	1660211750080	1660211753451	OK	 
REQUEST		get session	1660211750079	1660211753454	OK	 
REQUEST		get session	1660211750079	1660211753470	OK	 
REQUEST		post audit log	1660211750080	1660211753493	OK	 
REQUEST		get login locations	1660211749179	1660211753540	OK	 
REQUEST		get login locations	1660211749230	1660211753545	OK	 
REQUEST		post user info	1660211750080	1660211753551	OK	 
REQUEST		get login locations	1660211749280	1660211753555	OK	 
REQUEST		get locale.allowed.list global property	1660211753541	1660211753778	OK	 
REQUEST		get locale.allowed.list global property	1660211753545	1660211753778	OK	 
REQUEST		get locale.allowed.list global property	1660211753555	1660211753784	OK	 
REQUEST		get user	1660211753780	1660211754075	OK	 
REQUEST		get user	1660211753781	1660211754098	OK	 
REQUEST		get user	1660211753785	1660211754214	OK	 
REQUEST		get provider	1660211754078	1660211754317	OK	 
REQUEST		get provider	1660211754100	1660211754335	OK	 
REQUEST		post user info	1660211750080	1660211754452	OK	 
REQUEST		get provider	1660211754216	1660211754459	OK	 
REQUEST		get bahmni.enableAuditLog global property	1660211750080	1660211754606	OK	 
REQUEST		get bahmni.enableAuditLog global property	1660211750080	1660211754626	OK	 
REQUEST		get session	1660211750082	1660211754653	OK	 
REQUEST		get session	1660211750093	1660211754668	OK	 
REQUEST		get bahmni.enableAuditLog global property	1660211750091	1660211754682	OK	 
REQUEST		post audit log	1660211750083	1660211754686	OK	 
REQUEST		post audit log	1660211750091	1660211754690	OK	 
REQUEST		get bahmni.enableAuditLog global property	1660211750083	1660211754706	OK	 
REQUEST		get bahmni.enableAuditLog global property	1660211750093	1660211754713	OK	 
REQUEST		post audit log	1660211750094	1660211754715	OK	 
REQUEST		get session	1660211750090	1660211754723	OK	 
REQUEST		post user info	1660211750090	1660211754736	OK	 
REQUEST		post audit log	1660211750111	1660211754740	OK	 
REQUEST		post user info	1660211750093	1660211754764	OK	 
REQUEST		post user info	1660211750083	1660211754775	OK	 
REQUEST		get bahmni.enableAuditLog global property	1660211750111	1660211755514	OK	 
REQUEST		get session	1660211750110	1660211755523	OK	 
REQUEST		get session	1660211750113	1660211755530	OK	 
REQUEST		get bahmni.enableAuditLog global property	1660211750113	1660211755545	OK	 
REQUEST		post user info	1660211750113	1660211755572	OK	 
REQUEST		post audit log	1660211750149	1660211755592	OK	 
REQUEST		get bahmni.enableAuditLog global property	1660211750383	1660211755601	OK	 
REQUEST		post audit log	1660211750114	1660211755603	OK	 
REQUEST		get bahmni.enableAuditLog global property	1660211750149	1660211755606	OK	 
REQUEST		get session	1660211750149	1660211755611	OK	 
REQUEST		post audit log	1660211750383	1660211755613	OK	 
REQUEST		post user info	1660211750111	1660211755621	OK	 
REQUEST		post user info	1660211750149	1660211755642	OK	 
REQUEST		get bahmni.enableAuditLog global property	1660211750388	1660211755666	OK	 
REQUEST		get session	1660211751036	1660211755686	OK	 
REQUEST		get session	1660211750388	1660211755686	OK	 
REQUEST		post user info	1660211750388	1660211755691	OK	 
REQUEST		post audit log	1660211750389	1660211755692	OK	 
REQUEST		get session	1660211750382	1660211755693	OK	 
REQUEST		post audit log	1660211751037	1660211755702	OK	 
REQUEST		post user info	1660211750382	1660211755719	OK	 
REQUEST		get bahmni.enableAuditLog global property	1660211751037	1660211755745	OK	 
REQUEST		post user info	1660211751037	1660211755749	OK	 
REQUEST		post audit log	1660211751893	1660211755756	OK	 
REQUEST		get bahmni.enableAuditLog global property	1660211751920	1660211755766	OK	 
REQUEST		post user info	1660211751892	1660211755777	OK	 
REQUEST		get bahmni.enableAuditLog global property	1660211751893	1660211755788	OK	 
REQUEST		get session	1660211751892	1660211755798	OK	 
REQUEST		get session	1660211751920	1660211755802	OK	 
REQUEST		post audit log	1660211751920	1660211755803	OK	 
REQUEST		post audit log	1660211753153	1660211755803	OK	 
REQUEST		post user info	1660211751920	1660211755821	OK	 
REQUEST		post user info	1660211753153	1660211756572	OK	 
REQUEST		get bahmni.enableAuditLog global property	1660211753153	1660211756584	OK	 
REQUEST		post audit log	1660211753157	1660211756613	OK	 
REQUEST		get session	1660211753157	1660211756657	OK	 
REQUEST		post user info	1660211753157	1660211756671	OK	 
REQUEST		get session	1660211753152	1660211756681	OK	 
REQUEST		get bahmni.enableAuditLog global property	1660211753157	1660211756682	OK	 
REQUEST		get session	1660211753176	1660211756761	OK	 
REQUEST		post user info	1660211753168	1660211756774	OK	 
REQUEST		post audit log	1660211753168	1660211756779	OK	 
REQUEST		post audit log	1660211753176	1660211756781	OK	 
REQUEST		get bahmni.enableAuditLog global property	1660211754079	1660211756784	OK	 
REQUEST		get session	1660211753168	1660211756806	OK	 
REQUEST		get bahmni.enableAuditLog global property	1660211754101	1660211756819	OK	 
REQUEST		get session	1660211754078	1660211756830	OK	 
REQUEST		post audit log	1660211754101	1660211756830	OK	 
REQUEST		get bahmni.enableAuditLog global property	1660211753176	1660211756832	OK	 
REQUEST		post audit log	1660211754217	1660211756861	OK	 
REQUEST		get session	1660211754100	1660211756871	OK	 
REQUEST		get bahmni.enableAuditLog global property	1660211754217	1660211756873	OK	 
REQUEST		post audit log	1660211754079	1660211756874	OK	 
REQUEST		get bahmni.enableAuditLog global property	1660211753168	1660211756881	OK	 
REQUEST		get session	1660211754216	1660211756908	OK	 
REQUEST		post user info	1660211753176	1660211756913	OK	 
REQUEST		post user info	1660211754217	1660211756921	OK	 
REQUEST		post user info	1660211754078	1660211756928	OK	 
REQUEST		post user info	1660211754101	1660211756932	OK	 
USER	Registration	END	1660211774607
USER	Registration	END	1660211774627
USER	Registration	END	1660211774737
USER	Registration	END	1660211774765
USER	Registration	END	1660211774775
USER	Registration	END	1660211775603
USER	Registration	END	1660211775621
USER	Registration	END	1660211775643
USER	Registration	END	1660211775692
USER	Registration	END	1660211775720
USER	Registration	END	1660211775750
USER	Registration	END	1660211775799
USER	Registration	END	1660211775822
USER	Registration	END	1660211776681
USER	Registration	END	1660211776687
USER	Registration	END	1660211776882
USER	Registration	END	1660211776914
USER	Registration	END	1660211776921
USER	Registration	END	1660211776928
USER	Registration	END	1660211776932
