RUN	simulations.BahmniClinic	bahmniclinic	1660227317665	 	3.8.3
USER	Registration	START	1660227318679
USER	Consultation	START	1660227318688
USER	Registration	START	1660227318699
USER	Consultation	START	1660227318708
USER	Registration	START	1660227318756
USER	Consultation	START	1660227318758
USER	Registration	START	1660227318805
USER	Consultation	START	1660227318808
REQUEST		patient encounter	1660227318707	1660227318793	OK	 
REQUEST		patient encounter	1660227318681	1660227318795	OK	 
REQUEST		patient encounter	1660227318757	1660227318875	OK	 
REQUEST		patient encounter	1660227318807	1660227318890	OK	 
USER	Registration	START	1660227318950
USER	Consultation	START	1660227318952
USER	Registration	START	1660227318953
USER	Consultation	START	1660227318954
USER	Registration	START	1660227318955
USER	Consultation	START	1660227318958
REQUEST		Chrome_Owned_96x96.png	1660227318946	1660227318965	OK	 
REQUEST		Chrome_Owned_96x96.png	1660227318945	1660227318968	OK	 
REQUEST		Chrome_Owned_96x96.png	1660227318946	1660227318970	OK	 
REQUEST		googlelogo_white_background_color_272x92dp.png	1660227318946	1660227318969	OK	 
REQUEST		Chrome_Owned_96x96.png	1660227318949	1660227318970	OK	 
REQUEST		googlelogo_white_background_color_272x92dp.png	1660227318948	1660227318977	OK	 
REQUEST		googlelogo_white_background_color_272x92dp.png	1660227318949	1660227318977	OK	 
REQUEST		googlelogo_white_background_color_272x92dp.png	1660227318947	1660227318978	OK	 
USER	Registration	START	1660227319006
USER	Consultation	START	1660227319008
REQUEST		patient encounter	1660227318952	1660227319019	OK	 
REQUEST		patient encounter	1660227318954	1660227319022	OK	 
REQUEST		patient encounter	1660227318958	1660227319031	OK	 
REQUEST		Chrome_Owned_96x96.png	1660227319027	1660227319041	OK	 
REQUEST		googlelogo_white_background_color_272x92dp.png	1660227319027	1660227319051	OK	 
USER	Consultation	END	1660227319054
USER	Consultation	START	1660227319056
USER	Registration	START	1660227319057
REQUEST		Chrome_Owned_96x96.png	1660227319046	1660227319059	OK	 
USER	Consultation	START	1660227319060
REQUEST		googlelogo_white_background_color_272x92dp.png	1660227319046	1660227319067	OK	 
USER	Consultation	END	1660227319068
REQUEST		Chrome_Owned_96x96.png	1660227319047	1660227319068	OK	 
USER	Consultation	START	1660227319069
REQUEST		patient encounter	1660227319008	1660227319076	OK	 
REQUEST		googlelogo_white_background_color_272x92dp.png	1660227319048	1660227319076	OK	 
REQUEST		Chrome_Owned_96x96.png	1660227319086	1660227319099	OK	 
USER	Registration	START	1660227319106
USER	Consultation	START	1660227319108
REQUEST		googlelogo_white_background_color_272x92dp.png	1660227319087	1660227319109	OK	 
USER	Consultation	END	1660227319111
USER	Consultation	START	1660227319112
REQUEST		patient encounter	1660227319056	1660227319116	OK	 
REQUEST		patient encounter	1660227319069	1660227319132	OK	 
REQUEST		patient encounter	1660227319059	1660227319149	OK	 
USER	Registration	START	1660227319156
USER	Consultation	START	1660227319158
REQUEST		Chrome_Owned_96x96.png	1660227319148	1660227319160	OK	 
REQUEST		googlelogo_white_background_color_272x92dp.png	1660227319148	1660227319168	OK	 
USER	Consultation	END	1660227319169
USER	Consultation	START	1660227319170
REQUEST		patient encounter	1660227319111	1660227319169	OK	 
REQUEST		Chrome_Owned_96x96.png	1660227319133	1660227319171	OK	 
REQUEST		patient encounter	1660227319108	1660227319179	OK	 
REQUEST		Chrome_Owned_96x96.png	1660227319167	1660227319187	OK	 
REQUEST		googlelogo_white_background_color_272x92dp.png	1660227319134	1660227319193	OK	 
REQUEST		Chrome_Owned_96x96.png	1660227319182	1660227319193	OK	 
REQUEST		googlelogo_white_background_color_272x92dp.png	1660227319167	1660227319199	OK	 
REQUEST		Chrome_Owned_96x96.png	1660227319184	1660227319202	OK	 
USER	Registration	START	1660227319206
REQUEST		googlelogo_white_background_color_272x92dp.png	1660227319182	1660227319208	OK	 
USER	Consultation	START	1660227319208
REQUEST		googlelogo_white_background_color_272x92dp.png	1660227319184	1660227319209	OK	 
REQUEST		patient encounter	1660227319158	1660227319219	OK	 
REQUEST		patient encounter	1660227319170	1660227319233	OK	 
REQUEST		Chrome_Owned_96x96.png	1660227319232	1660227319245	OK	 
REQUEST		googlelogo_white_background_color_272x92dp.png	1660227319233	1660227319252	OK	 
USER	Consultation	END	1660227319253
USER	Consultation	START	1660227319254
REQUEST		Chrome_Owned_96x96.png	1660227319238	1660227319255	OK	 
USER	Registration	START	1660227319256
USER	Consultation	START	1660227319258
REQUEST		googlelogo_white_background_color_272x92dp.png	1660227319239	1660227319261	OK	 
REQUEST		patient encounter	1660227319208	1660227319270	OK	 
REQUEST		Chrome_Owned_96x96.png	1660227319280	1660227319293	OK	 
REQUEST		googlelogo_white_background_color_272x92dp.png	1660227319280	1660227319297	OK	 
USER	Consultation	END	1660227319299
USER	Consultation	START	1660227319300
USER	Registration	START	1660227319306
USER	Consultation	START	1660227319309
REQUEST		patient encounter	1660227319253	1660227319314	OK	 
REQUEST		patient encounter	1660227319258	1660227319328	OK	 
REQUEST		Chrome_Owned_96x96.png	1660227319321	1660227319341	OK	 
REQUEST		Chrome_Owned_96x96.png	1660227319337	1660227319350	OK	 
REQUEST		googlelogo_white_background_color_272x92dp.png	1660227319321	1660227319354	OK	 
USER	Registration	START	1660227319357
USER	Consultation	START	1660227319359
REQUEST		patient encounter	1660227319299	1660227319364	OK	 
REQUEST		googlelogo_white_background_color_272x92dp.png	1660227319338	1660227319365	OK	 
REQUEST		Chrome_Owned_96x96.png	1660227319370	1660227319382	OK	 
REQUEST		patient encounter	1660227319308	1660227319387	OK	 
REQUEST		googlelogo_white_background_color_272x92dp.png	1660227319370	1660227319396	OK	 
USER	Registration	START	1660227319407
USER	Consultation	START	1660227319409
REQUEST		Chrome_Owned_96x96.png	1660227319394	1660227319412	OK	 
REQUEST		patient encounter	1660227319358	1660227319416	OK	 
REQUEST		googlelogo_white_background_color_272x92dp.png	1660227319394	1660227319423	OK	 
REQUEST		Chrome_Owned_96x96.png	1660227319424	1660227319436	OK	 
REQUEST		googlelogo_white_background_color_272x92dp.png	1660227319425	1660227319443	OK	 
USER	Consultation	END	1660227319445
USER	Consultation	START	1660227319447
USER	Registration	START	1660227319457
USER	Consultation	START	1660227319459
REQUEST		patient encounter	1660227319408	1660227319470	OK	 
REQUEST		Chrome_Owned_96x96.png	1660227319477	1660227319489	OK	 
REQUEST		googlelogo_white_background_color_272x92dp.png	1660227319477	1660227319494	OK	 
REQUEST		patient encounter	1660227319446	1660227319503	OK	 
USER	Registration	START	1660227319507
USER	Consultation	START	1660227319509
REQUEST		patient encounter	1660227319458	1660227319516	OK	 
REQUEST		Chrome_Owned_96x96.png	1660227319508	1660227319522	OK	 
REQUEST		googlelogo_white_background_color_272x92dp.png	1660227319509	1660227319527	OK	 
REQUEST		Chrome_Owned_96x96.png	1660227319519	1660227319530	OK	 
REQUEST		googlelogo_white_background_color_272x92dp.png	1660227319519	1660227319545	OK	 
USER	Registration	START	1660227319557
USER	Consultation	START	1660227319559
REQUEST		patient encounter	1660227319509	1660227319567	OK	 
REQUEST		Chrome_Owned_96x96.png	1660227319570	1660227319583	OK	 
REQUEST		googlelogo_white_background_color_272x92dp.png	1660227319570	1660227319589	OK	 
USER	Consultation	END	1660227319590
USER	Consultation	START	1660227319591
USER	Registration	START	1660227319607
USER	Consultation	START	1660227319609
REQUEST		patient encounter	1660227319559	1660227319621	OK	 
REQUEST		Chrome_Owned_96x96.png	1660227319624	1660227319636	OK	 
REQUEST		googlelogo_white_background_color_272x92dp.png	1660227319625	1660227319644	OK	 
REQUEST		patient encounter	1660227319591	1660227319655	OK	 
REQUEST		Chrome_Owned_96x96.png	1660227319660	1660227319671	OK	 
REQUEST		patient encounter	1660227319609	1660227319677	OK	 
REQUEST		googlelogo_white_background_color_272x92dp.png	1660227319660	1660227319681	OK	 
REQUEST		Chrome_Owned_96x96.png	1660227319680	1660227319691	OK	 
REQUEST		googlelogo_white_background_color_272x92dp.png	1660227319680	1660227319699	OK	 
REQUEST		get login locations	1660227318699	1660227319720	OK	 
REQUEST		get login locations	1660227318675	1660227319729	OK	 
REQUEST		get login locations	1660227318755	1660227319748	OK	 
REQUEST		get login locations	1660227318805	1660227319775	OK	 
REQUEST		get login locations	1660227318953	1660227319878	OK	 
REQUEST		get login locations	1660227318955	1660227319902	OK	 
REQUEST		get login locations	1660227318950	1660227319910	OK	 
REQUEST		get locale.allowed.list global property	1660227319730	1660227319978	OK	 
REQUEST		get locale.allowed.list global property	1660227319725	1660227319978	OK	 
REQUEST		get locale.allowed.list global property	1660227319748	1660227319986	OK	 
REQUEST		get login locations	1660227319006	1660227319996	OK	 
REQUEST		get login locations	1660227319057	1660227320034	OK	 
REQUEST		get locale.allowed.list global property	1660227319775	1660227320089	OK	 
REQUEST		get login locations	1660227319106	1660227320104	OK	 
REQUEST		get locale.allowed.list global property	1660227319879	1660227320108	OK	 
REQUEST		get locale.allowed.list global property	1660227319903	1660227320139	OK	 
REQUEST		get locale.allowed.list global property	1660227319911	1660227320145	OK	 
REQUEST		get locale.allowed.list global property	1660227320035	1660227320294	OK	 
REQUEST		search bahmni	1660227319975	1660227320341	OK	 
USER	Consultation	END	1660227320345
USER	Consultation	START	1660227320346
REQUEST		search bahmni	1660227319977	1660227320350	OK	 
USER	Consultation	END	1660227320353
USER	Consultation	START	1660227320354
REQUEST		get locale.allowed.list global property	1660227319997	1660227320359	OK	 
REQUEST		search bahmni	1660227319982	1660227320370	OK	 
USER	Consultation	END	1660227320373
USER	Consultation	START	1660227320374
REQUEST		search bahmni	1660227319978	1660227320379	OK	 
USER	Consultation	END	1660227320381
USER	Consultation	START	1660227320382
REQUEST		patient encounter	1660227320354	1660227320422	OK	 
REQUEST		get locale.allowed.list global property	1660227320105	1660227320437	OK	 
REQUEST		get user	1660227319981	1660227320400	OK	 
REQUEST		get user	1660227320091	1660227320439	OK	 
REQUEST		get user	1660227319982	1660227320444	OK	 
REQUEST		get user	1660227319987	1660227320403	OK	 
REQUEST		patient encounter	1660227320374	1660227320608	OK	 
REQUEST		get user	1660227320109	1660227320607	OK	 
REQUEST		get user	1660227320141	1660227320612	OK	 
REQUEST		Chrome_Owned_96x96.png	1660227320436	1660227320612	OK	 
REQUEST		patient encounter	1660227320345	1660227320617	OK	 
REQUEST		patient encounter	1660227320382	1660227320617	OK	 
REQUEST		get user	1660227320146	1660227320621	OK	 
REQUEST		get login locations	1660227319156	1660227320625	OK	 
REQUEST		search bahmni	1660227320077	1660227320616	OK	 
USER	Consultation	END	1660227320627
REQUEST		search bahmni	1660227320208	1660227320627	OK	 
REQUEST		search bahmni	1660227320262	1660227320631	OK	 
USER	Consultation	END	1660227320633
REQUEST		get user	1660227320295	1660227320631	OK	 
REQUEST		search bahmni	1660227320209	1660227320637	OK	 
REQUEST		Chrome_Owned_96x96.png	1660227320611	1660227320634	OK	 
REQUEST		search bahmni	1660227320193	1660227320638	OK	 
USER	Consultation	END	1660227320642
USER	Consultation	START	1660227320643
REQUEST		search bahmni	1660227320200	1660227320644	OK	 
USER	Consultation	END	1660227320647
USER	Consultation	START	1660227320648
USER	Consultation	END	1660227320649
USER	Consultation	END	1660227320649
USER	Consultation	START	1660227320650
REQUEST		get user	1660227320360	1660227320650	OK	 
USER	Consultation	START	1660227320652
REQUEST		Chrome_Owned_96x96.png	1660227320620	1660227320652	OK	 
USER	Consultation	START	1660227320653
REQUEST		Chrome_Owned_96x96.png	1660227320629	1660227320654	OK	 
REQUEST		googlelogo_white_background_color_272x92dp.png	1660227320611	1660227320654	OK	 
USER	Consultation	START	1660227320662
REQUEST		googlelogo_white_background_color_272x92dp.png	1660227320436	1660227320663	OK	 
REQUEST		googlelogo_white_background_color_272x92dp.png	1660227320620	1660227320668	OK	 
REQUEST		googlelogo_white_background_color_272x92dp.png	1660227320629	1660227320677	OK	 
REQUEST		patient encounter	1660227320642	1660227320697	OK	 
REQUEST		search bahmni	1660227320355	1660227320709	OK	 
USER	Consultation	END	1660227320712
REQUEST		patient encounter	1660227320653	1660227320716	OK	 
REQUEST		Chrome_Owned_96x96.png	1660227320701	1660227320720	OK	 
REQUEST		googlelogo_white_background_color_272x92dp.png	1660227320701	1660227320720	OK	 
REQUEST		patient encounter	1660227320651	1660227320721	OK	 
REQUEST		patient encounter	1660227320662	1660227320722	OK	 
REQUEST		patient encounter	1660227320648	1660227320733	OK	 
REQUEST		search bahmni	1660227320365	1660227320729	OK	 
USER	Consultation	END	1660227320736
REQUEST		Chrome_Owned_96x96.png	1660227320725	1660227320739	OK	 
REQUEST		patient encounter	1660227320650	1660227320741	OK	 
REQUEST		Chrome_Owned_96x96.png	1660227320730	1660227320747	OK	 
REQUEST		Chrome_Owned_96x96.png	1660227320737	1660227320749	OK	 
REQUEST		googlelogo_white_background_color_272x92dp.png	1660227320725	1660227320752	OK	 
REQUEST		Chrome_Owned_96x96.png	1660227320728	1660227320751	OK	 
REQUEST		googlelogo_white_background_color_272x92dp.png	1660227320737	1660227320760	OK	 
REQUEST		googlelogo_white_background_color_272x92dp.png	1660227320731	1660227320760	OK	 
REQUEST		search bahmni	1660227320397	1660227320764	OK	 
REQUEST		Chrome_Owned_96x96.png	1660227320750	1660227320766	OK	 
USER	Consultation	END	1660227320767
REQUEST		googlelogo_white_background_color_272x92dp.png	1660227320728	1660227320769	OK	 
REQUEST		googlelogo_white_background_color_272x92dp.png	1660227320750	1660227320776	OK	 
REQUEST		search bahmni	1660227320437	1660227320793	OK	 
USER	Consultation	END	1660227320796
REQUEST		get locale.allowed.list global property	1660227320625	1660227320873	OK	 
REQUEST		get provider	1660227320611	1660227320885	OK	 
REQUEST		get provider	1660227320604	1660227320886	OK	 
REQUEST		get provider	1660227320601	1660227320890	OK	 
REQUEST		get provider	1660227320604	1660227320896	OK	 
REQUEST		get provider	1660227320630	1660227320896	OK	 
REQUEST		get provider	1660227320624	1660227320900	OK	 
REQUEST		get provider	1660227320635	1660227320902	OK	 
REQUEST		get user	1660227320605	1660227320902	OK	 
REQUEST		get provider	1660227320652	1660227320913	OK	 
REQUEST		get provider	1660227320601	1660227320919	OK	 
REQUEST		search bahmni	1660227320603	1660227320923	OK	 
USER	Consultation	END	1660227320927
REQUEST		search bahmni	1660227320605	1660227320949	OK	 
USER	Consultation	END	1660227320951
REQUEST		search bahmni	1660227320603	1660227320983	OK	 
USER	Consultation	END	1660227320985
REQUEST		search bahmni	1660227320645	1660227321021	OK	 
USER	Consultation	END	1660227321024
REQUEST		search bahmni	1660227320682	1660227321056	OK	 
USER	Consultation	END	1660227321058
REQUEST		get user	1660227320875	1660227321116	OK	 
REQUEST		get provider	1660227320904	1660227321143	OK	 
REQUEST		search bahmni	1660227320702	1660227321151	OK	 
USER	Consultation	END	1660227321154
REQUEST		get provider	1660227321119	1660227321369	OK	 
REQUEST		get login locations	1660227319206	1660227321545	OK	 
REQUEST		get login locations	1660227319256	1660227321545	OK	 
REQUEST		get locale.allowed.list global property	1660227321546	1660227321780	OK	 
REQUEST		get locale.allowed.list global property	1660227321546	1660227321780	OK	 
REQUEST		search bahmni	1660227321664	1660227322015	OK	 
USER	Consultation	END	1660227322018
REQUEST		get user	1660227321781	1660227322023	OK	 
REQUEST		get user	1660227321781	1660227322023	OK	 
REQUEST		search bahmni	1660227321678	1660227322028	OK	 
USER	Consultation	END	1660227322029
REQUEST		search bahmni	1660227321655	1660227322031	OK	 
USER	Consultation	END	1660227322033
REQUEST		search bahmni	1660227321668	1660227322048	OK	 
USER	Consultation	END	1660227322050
REQUEST		search bahmni	1660227321721	1660227322095	OK	 
USER	Consultation	END	1660227322097
REQUEST		search bahmni	1660227321770	1660227322114	OK	 
USER	Consultation	END	1660227322116
REQUEST		search bahmni	1660227321752	1660227322117	OK	 
REQUEST		search bahmni	1660227321761	1660227322119	OK	 
USER	Consultation	END	1660227322120
USER	Consultation	END	1660227322121
REQUEST		search bahmni	1660227321761	1660227322136	OK	 
USER	Consultation	END	1660227322137
REQUEST		search bahmni	1660227321776	1660227322220	OK	 
USER	Consultation	END	1660227322222
REQUEST		get provider	1660227322025	1660227322266	OK	 
REQUEST		get provider	1660227322025	1660227322266	OK	 
REQUEST		get login locations	1660227319456	1660227322578	OK	 
REQUEST		get login locations	1660227319306	1660227322583	OK	 
REQUEST		get login locations	1660227319356	1660227322585	OK	 
REQUEST		get login locations	1660227319406	1660227322594	OK	 
REQUEST		get locale.allowed.list global property	1660227322579	1660227322808	OK	 
REQUEST		get locale.allowed.list global property	1660227322585	1660227322814	OK	 
REQUEST		get locale.allowed.list global property	1660227322584	1660227322822	OK	 
REQUEST		get locale.allowed.list global property	1660227322594	1660227322829	OK	 
REQUEST		get user	1660227322815	1660227323075	OK	 
REQUEST		get user	1660227322830	1660227323301	OK	 
REQUEST		get user	1660227322823	1660227323304	OK	 
REQUEST		get user	1660227322809	1660227323306	OK	 
REQUEST		get provider	1660227323078	1660227323315	OK	 
REQUEST		get provider	1660227323305	1660227323555	OK	 
REQUEST		get provider	1660227323303	1660227323555	OK	 
REQUEST		get provider	1660227323308	1660227323556	OK	 
REQUEST		get login locations	1660227319507	1660227323705	OK	 
REQUEST		get login locations	1660227319557	1660227323712	OK	 
REQUEST		get session	1660227320602	1660227323729	OK	 
REQUEST		get bahmni.enableAuditLog global property	1660227320602	1660227323745	OK	 
REQUEST		get session	1660227320602	1660227323753	OK	 
REQUEST		post audit log	1660227320605	1660227323753	OK	 
REQUEST		get login locations	1660227319607	1660227323769	OK	 
REQUEST		post user info	1660227320602	1660227323781	OK	 
REQUEST		get locale.allowed.list global property	1660227323706	1660227323938	OK	 
REQUEST		get locale.allowed.list global property	1660227323713	1660227323941	OK	 
REQUEST		get locale.allowed.list global property	1660227323770	1660227324010	OK	 
REQUEST		get user	1660227323942	1660227324228	OK	 
REQUEST		get user	1660227323940	1660227324236	OK	 
REQUEST		get user	1660227324011	1660227324326	OK	 
REQUEST		get provider	1660227324230	1660227324485	OK	 
REQUEST		get provider	1660227324238	1660227324499	OK	 
REQUEST		get provider	1660227324328	1660227324584	OK	 
REQUEST		post user info	1660227320604	1660227324707	OK	 
REQUEST		get bahmni.enableAuditLog global property	1660227320604	1660227324761	OK	 
REQUEST		get session	1660227320604	1660227324775	OK	 
REQUEST		get bahmni.enableAuditLog global property	1660227320602	1660227324792	OK	 
REQUEST		post audit log	1660227320602	1660227324810	OK	 
REQUEST		get bahmni.enableAuditLog global property	1660227320604	1660227324811	OK	 
REQUEST		get session	1660227320604	1660227324831	OK	 
REQUEST		post audit log	1660227320636	1660227324870	OK	 
REQUEST		post audit log	1660227320602	1660227324878	OK	 
REQUEST		post audit log	1660227320624	1660227324880	OK	 
REQUEST		get session	1660227320624	1660227324889	OK	 
REQUEST		post audit log	1660227320605	1660227324892	OK	 
REQUEST		post user info	1660227320602	1660227324906	OK	 
REQUEST		get bahmni.enableAuditLog global property	1660227320624	1660227324912	OK	 
REQUEST		post user info	1660227320624	1660227324918	OK	 
REQUEST		post user info	1660227320604	1660227324943	OK	 
REQUEST		get bahmni.enableAuditLog global property	1660227320636	1660227325743	OK	 
REQUEST		get bahmni.enableAuditLog global property	1660227320631	1660227325769	OK	 
REQUEST		get session	1660227320611	1660227325813	OK	 
REQUEST		post audit log	1660227320611	1660227325821	OK	 
REQUEST		get bahmni.enableAuditLog global property	1660227320611	1660227325829	OK	 
REQUEST		post user info	1660227320636	1660227325862	OK	 
REQUEST		get session	1660227320635	1660227325874	OK	 
REQUEST		get session	1660227320652	1660227325874	OK	 
REQUEST		post user info	1660227320652	1660227325878	OK	 
REQUEST		post audit log	1660227320631	1660227325890	OK	 
REQUEST		post audit log	1660227320652	1660227325893	OK	 
REQUEST		get bahmni.enableAuditLog global property	1660227320652	1660227325905	OK	 
REQUEST		post audit log	1660227320906	1660227325920	OK	 
REQUEST		get session	1660227320630	1660227325929	OK	 
REQUEST		post user info	1660227320630	1660227325952	OK	 
REQUEST		get bahmni.enableAuditLog global property	1660227321120	1660227325967	OK	 
REQUEST		get session	1660227320905	1660227325990	OK	 
REQUEST		post audit log	1660227321120	1660227326001	OK	 
REQUEST		get bahmni.enableAuditLog global property	1660227322026	1660227326062	OK	 
REQUEST		get session	1660227321119	1660227326079	OK	 
REQUEST		get session	1660227322025	1660227326080	OK	 
REQUEST		post user info	1660227320611	1660227326094	OK	 
REQUEST		get bahmni.enableAuditLog global property	1660227320906	1660227326094	OK	 
REQUEST		get bahmni.enableAuditLog global property	1660227322026	1660227326095	OK	 
REQUEST		get session	1660227322025	1660227326097	OK	 
REQUEST		post audit log	1660227322026	1660227326100	OK	 
REQUEST		post audit log	1660227322026	1660227326102	OK	 
REQUEST		post audit log	1660227323079	1660227326133	OK	 
REQUEST		post user info	1660227320906	1660227326156	OK	 
REQUEST		post user info	1660227322026	1660227326185	OK	 
REQUEST		post user info	1660227322026	1660227326191	OK	 
REQUEST		post user info	1660227321119	1660227326194	OK	 
REQUEST		get session	1660227323078	1660227326874	OK	 
REQUEST		get bahmni.enableAuditLog global property	1660227323079	1660227326936	OK	 
REQUEST		get bahmni.enableAuditLog global property	1660227323304	1660227327001	OK	 
REQUEST		post audit log	1660227323313	1660227327015	OK	 
REQUEST		post audit log	1660227323309	1660227327019	OK	 
REQUEST		post user info	1660227323304	1660227327029	OK	 
REQUEST		post user info	1660227323313	1660227327055	OK	 
REQUEST		get session	1660227323308	1660227327080	OK	 
REQUEST		get bahmni.enableAuditLog global property	1660227324231	1660227327101	OK	 
REQUEST		get bahmni.enableAuditLog global property	1660227324238	1660227327116	OK	 
REQUEST		get bahmni.enableAuditLog global property	1660227324329	1660227327129	OK	 
REQUEST		post audit log	1660227324238	1660227327140	OK	 
REQUEST		post audit log	1660227324231	1660227327148	OK	 
REQUEST		post audit log	1660227324329	1660227327166	OK	 
REQUEST		get session	1660227323312	1660227327171	OK	 
REQUEST		get session	1660227324238	1660227327175	OK	 
REQUEST		post audit log	1660227323304	1660227327185	OK	 
REQUEST		get session	1660227324231	1660227327190	OK	 
REQUEST		get session	1660227323303	1660227327195	OK	 
REQUEST		get bahmni.enableAuditLog global property	1660227323313	1660227327196	OK	 
REQUEST		get session	1660227324328	1660227327200	OK	 
REQUEST		get bahmni.enableAuditLog global property	1660227323308	1660227327215	OK	 
REQUEST		post user info	1660227323308	1660227327261	OK	 
REQUEST		post user info	1660227323079	1660227327285	OK	 
REQUEST		post user info	1660227324231	1660227327286	OK	 
REQUEST		post user info	1660227324238	1660227327288	OK	 
REQUEST		post user info	1660227324329	1660227327296	OK	 
USER	Registration	END	1660227344811
USER	Registration	END	1660227344893
USER	Registration	END	1660227344907
USER	Registration	END	1660227344919
USER	Registration	END	1660227344944
USER	Registration	END	1660227345875
USER	Registration	END	1660227345905
USER	Registration	END	1660227345953
USER	Registration	END	1660227346095
USER	Registration	END	1660227346157
USER	Registration	END	1660227346186
USER	Registration	END	1660227346192
USER	Registration	END	1660227346194
USER	Registration	END	1660227347196
USER	Registration	END	1660227347196
USER	Registration	END	1660227347262
USER	Registration	END	1660227347286
USER	Registration	END	1660227347287
USER	Registration	END	1660227347288
USER	Registration	END	1660227347297
