RUN	simulations.BahmniClinic	bahmniclinic	1660228480633	 	3.8.3
USER	Registration	START	1660228481609
USER	Consultation	START	1660228481616
USER	Registration	START	1660228481632
USER	Consultation	START	1660228481648
USER	Registration	START	1660228481686
USER	Consultation	START	1660228481698
USER	Registration	START	1660228481745
USER	Consultation	START	1660228481748
REQUEST		patient encounter	1660228481611	1660228481738	OK	 
REQUEST		patient encounter	1660228481647	1660228481755	OK	 
REQUEST		patient encounter	1660228481697	1660228481809	OK	 
REQUEST		patient encounter	1660228481747	1660228481873	OK	 
USER	Registration	START	1660228481883
USER	Consultation	START	1660228481884
USER	Registration	START	1660228481885
USER	Consultation	START	1660228481886
USER	Registration	START	1660228481895
REQUEST		Chrome_Owned_96x96.png	1660228481878	1660228481895	OK	 
USER	Consultation	START	1660228481901
REQUEST		Chrome_Owned_96x96.png	1660228481880	1660228481901	OK	 
REQUEST		Chrome_Owned_96x96.png	1660228481879	1660228481901	OK	 
REQUEST		Chrome_Owned_96x96.png	1660228481889	1660228481906	OK	 
REQUEST		googlelogo_white_background_color_272x92dp.png	1660228481879	1660228481923	OK	 
REQUEST		googlelogo_white_background_color_272x92dp.png	1660228481878	1660228481930	OK	 
USER	Consultation	END	1660228481932
REQUEST		googlelogo_white_background_color_272x92dp.png	1660228481880	1660228481933	OK	 
REQUEST		googlelogo_white_background_color_272x92dp.png	1660228481889	1660228481934	OK	 
USER	Consultation	END	1660228481935
USER	Consultation	START	1660228481935
USER	Consultation	END	1660228481936
USER	Consultation	START	1660228481936
USER	Consultation	START	1660228481937
USER	Registration	START	1660228481946
USER	Consultation	START	1660228481951
REQUEST		patient encounter	1660228481884	1660228481977	OK	 
REQUEST		patient encounter	1660228481886	1660228481984	OK	 
REQUEST		patient encounter	1660228481900	1660228481995	OK	 
USER	Registration	START	1660228481996
USER	Consultation	START	1660228482001
REQUEST		Chrome_Owned_96x96.png	1660228481987	1660228482004	OK	 
REQUEST		Chrome_Owned_96x96.png	1660228481993	1660228482010	OK	 
REQUEST		Chrome_Owned_96x96.png	1660228482001	1660228482018	OK	 
REQUEST		patient encounter	1660228481935	1660228482029	OK	 
REQUEST		patient encounter	1660228481937	1660228482036	OK	 
REQUEST		patient encounter	1660228481936	1660228482037	OK	 
REQUEST		patient encounter	1660228481950	1660228482047	OK	 
USER	Registration	START	1660228482047
REQUEST		googlelogo_white_background_color_272x92dp.png	1660228481987	1660228482055	OK	 
USER	Consultation	START	1660228482059
REQUEST		googlelogo_white_background_color_272x92dp.png	1660228482001	1660228482058	OK	 
REQUEST		googlelogo_white_background_color_272x92dp.png	1660228481994	1660228482060	OK	 
USER	Consultation	END	1660228482060
USER	Consultation	START	1660228482063
REQUEST		Chrome_Owned_96x96.png	1660228482045	1660228482065	OK	 
REQUEST		Chrome_Owned_96x96.png	1660228482054	1660228482071	OK	 
REQUEST		Chrome_Owned_96x96.png	1660228482056	1660228482078	OK	 
REQUEST		Chrome_Owned_96x96.png	1660228482059	1660228482078	OK	 
REQUEST		googlelogo_white_background_color_272x92dp.png	1660228482046	1660228482091	OK	 
REQUEST		patient encounter	1660228482001	1660228482094	OK	 
USER	Registration	START	1660228482096
REQUEST		googlelogo_white_background_color_272x92dp.png	1660228482054	1660228482098	OK	 
REQUEST		googlelogo_white_background_color_272x92dp.png	1660228482057	1660228482098	OK	 
USER	Consultation	END	1660228482099
USER	Consultation	START	1660228482101
USER	Consultation	START	1660228482101
REQUEST		googlelogo_white_background_color_272x92dp.png	1660228482059	1660228482105	OK	 
REQUEST		Chrome_Owned_96x96.png	1660228482100	1660228482116	OK	 
REQUEST		googlelogo_white_background_color_272x92dp.png	1660228482100	1660228482142	OK	 
USER	Registration	START	1660228482146
REQUEST		patient encounter	1660228482059	1660228482148	OK	 
USER	Consultation	START	1660228482151
REQUEST		patient encounter	1660228482063	1660228482155	OK	 
REQUEST		Chrome_Owned_96x96.png	1660228482155	1660228482171	OK	 
REQUEST		Chrome_Owned_96x96.png	1660228482160	1660228482180	OK	 
REQUEST		patient encounter	1660228482101	1660228482192	OK	 
REQUEST		patient encounter	1660228482101	1660228482193	OK	 
USER	Registration	START	1660228482197
REQUEST		googlelogo_white_background_color_272x92dp.png	1660228482155	1660228482198	OK	 
USER	Consultation	START	1660228482201
REQUEST		googlelogo_white_background_color_272x92dp.png	1660228482160	1660228482204	OK	 
REQUEST		Chrome_Owned_96x96.png	1660228482195	1660228482212	OK	 
REQUEST		Chrome_Owned_96x96.png	1660228482196	1660228482219	OK	 
REQUEST		googlelogo_white_background_color_272x92dp.png	1660228482196	1660228482237	OK	 
REQUEST		googlelogo_white_background_color_272x92dp.png	1660228482196	1660228482246	OK	 
USER	Registration	START	1660228482247
USER	Consultation	START	1660228482251
REQUEST		patient encounter	1660228482151	1660228482265	OK	 
REQUEST		Chrome_Owned_96x96.png	1660228482268	1660228482285	OK	 
REQUEST		patient encounter	1660228482201	1660228482293	OK	 
USER	Registration	START	1660228482297
USER	Consultation	START	1660228482301
REQUEST		googlelogo_white_background_color_272x92dp.png	1660228482269	1660228482311	OK	 
REQUEST		Chrome_Owned_96x96.png	1660228482298	1660228482315	OK	 
REQUEST		googlelogo_white_background_color_272x92dp.png	1660228482298	1660228482339	OK	 
USER	Registration	START	1660228482347
REQUEST		patient encounter	1660228482251	1660228482347	OK	 
USER	Consultation	START	1660228482351
REQUEST		Chrome_Owned_96x96.png	1660228482352	1660228482370	OK	 
REQUEST		patient encounter	1660228482301	1660228482391	OK	 
REQUEST		googlelogo_white_background_color_272x92dp.png	1660228482352	1660228482395	OK	 
USER	Registration	START	1660228482397
USER	Consultation	START	1660228482401
REQUEST		Chrome_Owned_96x96.png	1660228482394	1660228482412	OK	 
REQUEST		googlelogo_white_background_color_272x92dp.png	1660228482395	1660228482438	OK	 
USER	Consultation	END	1660228482439
USER	Consultation	START	1660228482439
USER	Registration	START	1660228482447
REQUEST		patient encounter	1660228482351	1660228482447	OK	 
USER	Consultation	START	1660228482451
REQUEST		Chrome_Owned_96x96.png	1660228482451	1660228482468	OK	 
REQUEST		googlelogo_white_background_color_272x92dp.png	1660228482451	1660228482495	OK	 
USER	Registration	START	1660228482497
USER	Consultation	START	1660228482501
REQUEST		patient encounter	1660228482401	1660228482503	OK	 
REQUEST		Chrome_Owned_96x96.png	1660228482507	1660228482526	OK	 
REQUEST		patient encounter	1660228482439	1660228482530	OK	 
REQUEST		patient encounter	1660228482451	1660228482543	OK	 
USER	Registration	START	1660228482547
USER	Consultation	START	1660228482551
REQUEST		googlelogo_white_background_color_272x92dp.png	1660228482507	1660228482551	OK	 
USER	Consultation	END	1660228482552
USER	Consultation	START	1660228482553
REQUEST		Chrome_Owned_96x96.png	1660228482535	1660228482552	OK	 
REQUEST		get login locations	1660228481607	1660228482565	OK	 
REQUEST		Chrome_Owned_96x96.png	1660228482549	1660228482566	OK	 
REQUEST		get login locations	1660228481631	1660228482568	OK	 
REQUEST		get login locations	1660228481745	1660228482568	OK	 
REQUEST		get login locations	1660228481685	1660228482570	OK	 
REQUEST		googlelogo_white_background_color_272x92dp.png	1660228482535	1660228482581	OK	 
REQUEST		googlelogo_white_background_color_272x92dp.png	1660228482549	1660228482590	OK	 
REQUEST		patient encounter	1660228482501	1660228482592	OK	 
REQUEST		Chrome_Owned_96x96.png	1660228482595	1660228482612	OK	 
REQUEST		googlelogo_white_background_color_272x92dp.png	1660228482595	1660228482636	OK	 
REQUEST		patient encounter	1660228482551	1660228482647	OK	 
REQUEST		patient encounter	1660228482553	1660228482651	OK	 
REQUEST		get login locations	1660228481883	1660228482653	OK	 
REQUEST		Chrome_Owned_96x96.png	1660228482650	1660228482666	OK	 
REQUEST		get login locations	1660228481895	1660228482672	OK	 
REQUEST		Chrome_Owned_96x96.png	1660228482655	1660228482674	OK	 
REQUEST		get login locations	1660228481885	1660228482679	OK	 
REQUEST		googlelogo_white_background_color_272x92dp.png	1660228482650	1660228482692	OK	 
REQUEST		get login locations	1660228481945	1660228482696	OK	 
REQUEST		googlelogo_white_background_color_272x92dp.png	1660228482656	1660228482701	OK	 
REQUEST		get login locations	1660228481996	1660228482734	OK	 
REQUEST		get locale.allowed.list global property	1660228482571	1660228482755	OK	 
REQUEST		get locale.allowed.list global property	1660228482570	1660228482759	OK	 
REQUEST		get locale.allowed.list global property	1660228482571	1660228482766	OK	 
REQUEST		get locale.allowed.list global property	1660228482570	1660228482773	OK	 
REQUEST		get login locations	1660228482047	1660228482788	OK	 
REQUEST		get login locations	1660228482096	1660228482830	OK	 
REQUEST		get locale.allowed.list global property	1660228482653	1660228482835	OK	 
REQUEST		get locale.allowed.list global property	1660228482672	1660228482855	OK	 
REQUEST		get locale.allowed.list global property	1660228482679	1660228482862	OK	 
REQUEST		get locale.allowed.list global property	1660228482696	1660228482879	OK	 
REQUEST		get locale.allowed.list global property	1660228482735	1660228482917	OK	 
REQUEST		get user	1660228482758	1660228482966	OK	 
REQUEST		get user	1660228482774	1660228482992	OK	 
REQUEST		get user	1660228482760	1660228482995	OK	 
REQUEST		get user	1660228482767	1660228482993	OK	 
REQUEST		get locale.allowed.list global property	1660228482831	1660228483183	OK	 
REQUEST		get user	1660228482880	1660228483182	OK	 
REQUEST		get user	1660228482863	1660228483191	OK	 
REQUEST		get user	1660228482918	1660228483194	OK	 
REQUEST		get locale.allowed.list global property	1660228482789	1660228483188	OK	 
REQUEST		get user	1660228482856	1660228483196	OK	 
REQUEST		get user	1660228482836	1660228483196	OK	 
REQUEST		search bahmni	1660228482924	1660228483279	OK	 
USER	Consultation	END	1660228483283
USER	Consultation	START	1660228483283
REQUEST		patient encounter	1660228483283	1660228483386	OK	 
REQUEST		Chrome_Owned_96x96.png	1660228483389	1660228483406	OK	 
REQUEST		googlelogo_white_background_color_272x92dp.png	1660228483390	1660228483430	OK	 
REQUEST		search bahmni	1660228483182	1660228483484	OK	 
REQUEST		search bahmni	1660228483185	1660228483485	OK	 
USER	Consultation	END	1660228483488
USER	Consultation	END	1660228483488
USER	Consultation	START	1660228483489
USER	Consultation	START	1660228483489
REQUEST		search bahmni	1660228483205	1660228483508	OK	 
USER	Consultation	END	1660228483511
USER	Consultation	START	1660228483512
REQUEST		search bahmni	1660228483182	1660228483525	OK	 
REQUEST		search bahmni	1660228483188	1660228483529	OK	 
REQUEST		search bahmni	1660228483240	1660228483529	OK	 
USER	Consultation	END	1660228483531
USER	Consultation	END	1660228483532
USER	Consultation	END	1660228483534
USER	Consultation	START	1660228483535
USER	Consultation	START	1660228483533
USER	Consultation	START	1660228483537
REQUEST		get provider	1660228483198	1660228483549	OK	 
REQUEST		search bahmni	1660228483188	1660228483551	OK	 
USER	Consultation	END	1660228483554
USER	Consultation	START	1660228483555
REQUEST		search bahmni	1660228483202	1660228483556	OK	 
USER	Consultation	END	1660228483559
USER	Consultation	START	1660228483559
REQUEST		search bahmni	1660228483190	1660228483571	OK	 
USER	Consultation	END	1660228483574
USER	Consultation	START	1660228483574
REQUEST		get provider	1660228483186	1660228483581	OK	 
REQUEST		patient encounter	1660228483489	1660228483583	OK	 
REQUEST		get provider	1660228483193	1660228483585	OK	 
REQUEST		search bahmni	1660228483246	1660228483587	OK	 
REQUEST		patient encounter	1660228483489	1660228483589	OK	 
USER	Consultation	END	1660228483590
REQUEST		get user	1660228483199	1660228483594	OK	 
REQUEST		Chrome_Owned_96x96.png	1660228483586	1660228483602	OK	 
REQUEST		search bahmni	1660228483312	1660228483605	OK	 
USER	Consultation	END	1660228483607
REQUEST		Chrome_Owned_96x96.png	1660228483591	1660228483610	OK	 
REQUEST		get provider	1660228483200	1660228483610	OK	 
REQUEST		patient encounter	1660228483512	1660228483613	OK	 
REQUEST		get provider	1660228483180	1660228483626	OK	 
REQUEST		googlelogo_white_background_color_272x92dp.png	1660228483587	1660228483628	OK	 
REQUEST		get user	1660228483201	1660228483629	OK	 
REQUEST		Chrome_Owned_96x96.png	1660228483615	1660228483631	OK	 
REQUEST		get provider	1660228483191	1660228483635	OK	 
REQUEST		search bahmni	1660228483340	1660228483633	OK	 
REQUEST		patient encounter	1660228483534	1660228483637	OK	 
REQUEST		patient encounter	1660228483534	1660228483641	OK	 
USER	Consultation	END	1660228483643
REQUEST		patient encounter	1660228483533	1660228483643	OK	 
REQUEST		get provider	1660228483180	1660228483646	OK	 
REQUEST		get provider	1660228483184	1660228483654	OK	 
REQUEST		googlelogo_white_background_color_272x92dp.png	1660228483591	1660228483654	OK	 
USER	Consultation	END	1660228483655
REQUEST		patient encounter	1660228483555	1660228483655	OK	 
REQUEST		get provider	1660228483206	1660228483655	OK	 
REQUEST		googlelogo_white_background_color_272x92dp.png	1660228483615	1660228483658	OK	 
REQUEST		Chrome_Owned_96x96.png	1660228483645	1660228483663	OK	 
REQUEST		patient encounter	1660228483559	1660228483660	OK	 
REQUEST		Chrome_Owned_96x96.png	1660228483639	1660228483668	OK	 
REQUEST		Chrome_Owned_96x96.png	1660228483650	1660228483670	OK	 
REQUEST		Chrome_Owned_96x96.png	1660228483657	1660228483679	OK	 
REQUEST		patient encounter	1660228483574	1660228483683	OK	 
REQUEST		Chrome_Owned_96x96.png	1660228483667	1660228483687	OK	 
REQUEST		googlelogo_white_background_color_272x92dp.png	1660228483640	1660228483688	OK	 
REQUEST		googlelogo_white_background_color_272x92dp.png	1660228483646	1660228483695	OK	 
REQUEST		googlelogo_white_background_color_272x92dp.png	1660228483653	1660228483697	OK	 
USER	Consultation	END	1660228483698
REQUEST		Chrome_Owned_96x96.png	1660228483687	1660228483704	OK	 
REQUEST		googlelogo_white_background_color_272x92dp.png	1660228483658	1660228483704	OK	 
REQUEST		googlelogo_white_background_color_272x92dp.png	1660228483667	1660228483713	OK	 
REQUEST		googlelogo_white_background_color_272x92dp.png	1660228483688	1660228483731	OK	 
REQUEST		search bahmni	1660228483395	1660228483743	OK	 
USER	Consultation	END	1660228483745
REQUEST		get login locations	1660228482146	1660228483750	OK	 
REQUEST		get login locations	1660228482197	1660228483751	OK	 
REQUEST		get provider	1660228483596	1660228483783	OK	 
REQUEST		search bahmni	1660228483496	1660228483786	OK	 
USER	Consultation	END	1660228483797
REQUEST		get provider	1660228483631	1660228483817	OK	 
REQUEST		search bahmni	1660228483582	1660228483895	OK	 
USER	Consultation	END	1660228483897
REQUEST		search bahmni	1660228483637	1660228483924	OK	 
USER	Consultation	END	1660228483926
REQUEST		search bahmni	1660228483591	1660228483927	OK	 
USER	Consultation	END	1660228483928
REQUEST		get locale.allowed.list global property	1660228483751	1660228483935	OK	 
REQUEST		get locale.allowed.list global property	1660228483751	1660228483937	OK	 
REQUEST		search bahmni	1660228483701	1660228483978	OK	 
USER	Consultation	END	1660228483981
REQUEST		search bahmni	1660228483693	1660228483988	OK	 
USER	Consultation	END	1660228483991
REQUEST		get user	1660228483935	1660228484130	OK	 
REQUEST		get user	1660228483938	1660228484131	OK	 
REQUEST		get provider	1660228484133	1660228484325	OK	 
REQUEST		get provider	1660228484133	1660228484326	OK	 
REQUEST		search bahmni	1660228484430	1660228484709	OK	 
USER	Consultation	END	1660228484713
REQUEST		get login locations	1660228482296	1660228484727	OK	 
REQUEST		get login locations	1660228482397	1660228484735	OK	 
REQUEST		get login locations	1660228482246	1660228484737	OK	 
REQUEST		get login locations	1660228482346	1660228484736	OK	 
REQUEST		get locale.allowed.list global property	1660228484728	1660228484909	OK	 
REQUEST		get locale.allowed.list global property	1660228484736	1660228484921	OK	 
REQUEST		get locale.allowed.list global property	1660228484738	1660228484936	OK	 
REQUEST		search bahmni	1660228484659	1660228484939	OK	 
USER	Consultation	END	1660228484941
REQUEST		get locale.allowed.list global property	1660228484738	1660228484943	OK	 
REQUEST		search bahmni	1660228484629	1660228484984	OK	 
USER	Consultation	END	1660228484988
REQUEST		search bahmni	1660228484696	1660228484991	OK	 
USER	Consultation	END	1660228484993
REQUEST		search bahmni	1660228484689	1660228484993	OK	 
USER	Consultation	END	1660228484995
REQUEST		search bahmni	1660228484705	1660228485000	OK	 
USER	Consultation	END	1660228485003
REQUEST		search bahmni	1660228484714	1660228485003	OK	 
USER	Consultation	END	1660228485005
REQUEST		search bahmni	1660228484732	1660228485034	OK	 
USER	Consultation	END	1660228485036
REQUEST		get user	1660228484910	1660228485177	OK	 
REQUEST		get user	1660228484937	1660228485178	OK	 
REQUEST		get user	1660228484921	1660228485181	OK	 
REQUEST		get user	1660228484944	1660228485188	OK	 
REQUEST		get provider	1660228485179	1660228485389	OK	 
REQUEST		get provider	1660228485179	1660228485402	OK	 
REQUEST		get provider	1660228485182	1660228485403	OK	 
REQUEST		get provider	1660228485190	1660228485406	OK	 
REQUEST		get login locations	1660228482447	1660228485679	OK	 
REQUEST		get session	1660228483181	1660228485705	OK	 
REQUEST		get bahmni.enableAuditLog global property	1660228483181	1660228485711	OK	 
REQUEST		get bahmni.enableAuditLog global property	1660228483181	1660228485716	OK	 
REQUEST		get login locations	1660228482497	1660228485728	OK	 
REQUEST		get login locations	1660228482547	1660228485739	OK	 
REQUEST		post audit log	1660228483181	1660228485760	OK	 
REQUEST		post user info	1660228483181	1660228485787	OK	 
REQUEST		get locale.allowed.list global property	1660228485680	1660228485861	OK	 
REQUEST		get locale.allowed.list global property	1660228485729	1660228485910	OK	 
REQUEST		get locale.allowed.list global property	1660228485739	1660228485920	OK	 
REQUEST		get user	1660228485862	1660228486052	OK	 
REQUEST		get user	1660228485911	1660228486118	OK	 
REQUEST		get user	1660228485920	1660228486127	OK	 
REQUEST		get provider	1660228486053	1660228486248	OK	 
REQUEST		get provider	1660228486128	1660228486351	OK	 
REQUEST		get provider	1660228486120	1660228486358	OK	 
REQUEST		post audit log	1660228483181	1660228486752	OK	 
REQUEST		get session	1660228483181	1660228486792	OK	 
REQUEST		get session	1660228483184	1660228486836	OK	 
REQUEST		get bahmni.enableAuditLog global property	1660228483184	1660228486851	OK	 
REQUEST		get bahmni.enableAuditLog global property	1660228483197	1660228486868	OK	 
REQUEST		get session	1660228483186	1660228486889	OK	 
REQUEST		get session	1660228483192	1660228486893	OK	 
REQUEST		get bahmni.enableAuditLog global property	1660228483187	1660228486896	OK	 
REQUEST		post audit log	1660228483198	1660228486898	OK	 
REQUEST		post audit log	1660228483187	1660228486898	OK	 
REQUEST		get session	1660228483198	1660228486906	OK	 
REQUEST		post audit log	1660228483185	1660228486912	OK	 
REQUEST		post user info	1660228483181	1660228486963	OK	 
REQUEST		post user info	1660228483192	1660228486971	OK	 
REQUEST		post user info	1660228483184	1660228486973	OK	 
REQUEST		post user info	1660228483186	1660228486978	OK	 
REQUEST		post audit log	1660228483199	1660228487696	OK	 
REQUEST		post audit log	1660228483201	1660228487748	OK	 
REQUEST		get session	1660228483200	1660228487840	OK	 
REQUEST		get bahmni.enableAuditLog global property	1660228483199	1660228487847	OK	 
REQUEST		post audit log	1660228483207	1660228487860	OK	 
REQUEST		get session	1660228483193	1660228487872	OK	 
REQUEST		post audit log	1660228483193	1660228487876	OK	 
REQUEST		get bahmni.enableAuditLog global property	1660228483201	1660228487881	OK	 
REQUEST		get session	1660228483206	1660228487889	OK	 
REQUEST		get bahmni.enableAuditLog global property	1660228483207	1660228487897	OK	 
REQUEST		post user info	1660228483201	1660228487912	OK	 
REQUEST		get session	1660228483597	1660228487922	OK	 
REQUEST		get bahmni.enableAuditLog global property	1660228483597	1660228487923	OK	 
REQUEST		post audit log	1660228484134	1660228487959	OK	 
REQUEST		post user info	1660228483206	1660228487969	OK	 
REQUEST		get bahmni.enableAuditLog global property	1660228483633	1660228487998	OK	 
REQUEST		get session	1660228483631	1660228488001	OK	 
REQUEST		post audit log	1660228483633	1660228488010	OK	 
REQUEST		post user info	1660228483199	1660228488020	OK	 
REQUEST		post audit log	1660228483597	1660228488024	OK	 
REQUEST		get bahmni.enableAuditLog global property	1660228484134	1660228488037	OK	 
REQUEST		get bahmni.enableAuditLog global property	1660228483193	1660228488038	OK	 
REQUEST		get bahmni.enableAuditLog global property	1660228484134	1660228488039	OK	 
REQUEST		post audit log	1660228484134	1660228488042	OK	 
REQUEST		get session	1660228484133	1660228488046	OK	 
REQUEST		get session	1660228484133	1660228488087	OK	 
REQUEST		post user info	1660228484133	1660228488112	OK	 
REQUEST		post user info	1660228485180	1660228488114	OK	 
REQUEST		post user info	1660228483193	1660228488121	OK	 
REQUEST		post user info	1660228483597	1660228488131	OK	 
REQUEST		post user info	1660228484133	1660228488134	OK	 
REQUEST		post user info	1660228483633	1660228488149	OK	 
REQUEST		get bahmni.enableAuditLog global property	1660228485180	1660228488835	OK	 
REQUEST		post audit log	1660228485180	1660228488880	OK	 
REQUEST		get bahmni.enableAuditLog global property	1660228485183	1660228488934	OK	 
REQUEST		post audit log	1660228485183	1660228488938	OK	 
REQUEST		post user info	1660228485180	1660228488943	OK	 
REQUEST		get session	1660228485180	1660228488948	OK	 
REQUEST		get session	1660228485182	1660228488955	OK	 
REQUEST		get bahmni.enableAuditLog global property	1660228485180	1660228488955	OK	 
REQUEST		post audit log	1660228485182	1660228488962	OK	 
REQUEST		get session	1660228485179	1660228488983	OK	 
REQUEST		get bahmni.enableAuditLog global property	1660228485190	1660228488991	OK	 
REQUEST		get bahmni.enableAuditLog global property	1660228486054	1660228489013	OK	 
REQUEST		get session	1660228485190	1660228489017	OK	 
REQUEST		post user info	1660228485190	1660228489025	OK	 
REQUEST		post audit log	1660228485191	1660228489026	OK	 
REQUEST		post audit log	1660228486054	1660228489027	OK	 
REQUEST		post user info	1660228485182	1660228489061	OK	 
REQUEST		get session	1660228486054	1660228489060	OK	 
REQUEST		post audit log	1660228486121	1660228489100	OK	 
REQUEST		get bahmni.enableAuditLog global property	1660228486129	1660228489104	OK	 
REQUEST		get bahmni.enableAuditLog global property	1660228486121	1660228489105	OK	 
REQUEST		get session	1660228486121	1660228489109	OK	 
REQUEST		get session	1660228486129	1660228489115	OK	 
REQUEST		post user info	1660228486054	1660228489123	OK	 
REQUEST		post audit log	1660228486129	1660228489134	OK	 
REQUEST		post user info	1660228486129	1660228489159	OK	 
REQUEST		post user info	1660228486121	1660228489169	OK	 
USER	Registration	END	1660228505787
USER	Registration	END	1660228506964
USER	Registration	END	1660228506971
USER	Registration	END	1660228506973
USER	Registration	END	1660228506978
USER	Registration	END	1660228507912
USER	Registration	END	1660228507969
USER	Registration	END	1660228508021
USER	Registration	END	1660228508112
USER	Registration	END	1660228508122
USER	Registration	END	1660228508131
USER	Registration	END	1660228508134
USER	Registration	END	1660228508150
USER	Registration	END	1660228508962
USER	Registration	END	1660228508983
USER	Registration	END	1660228509027
USER	Registration	END	1660228509061
USER	Registration	END	1660228509124
USER	Registration	END	1660228509159
USER	Registration	END	1660228509170
