RUN	simulations.BahmniClinic	bahmniclinic	1660226519034	 	3.8.3
USER	Registration	START	1660226519839
USER	Consultation	START	1660226519848
USER	Registration	START	1660226519865
USER	Consultation	START	1660226519877
USER	Registration	START	1660226519919
USER	Consultation	START	1660226519927
REQUEST		patient encounter	1660226519877	1660226519972	OK	 
REQUEST		patient encounter	1660226519841	1660226519952	OK	 
USER	Registration	START	1660226519975
USER	Consultation	START	1660226519978
REQUEST		patient encounter	1660226519927	1660226520019	OK	 
USER	Registration	START	1660226520101
USER	Consultation	START	1660226520102
USER	Registration	START	1660226520104
USER	Consultation	START	1660226520109
REQUEST		Chrome_Owned_96x96.png	1660226520095	1660226520115	OK	 
REQUEST		Chrome_Owned_96x96.png	1660226520099	1660226520120	OK	 
REQUEST		Chrome_Owned_96x96.png	1660226520100	1660226520124	OK	 
USER	Registration	START	1660226520125
USER	Consultation	START	1660226520128
REQUEST		googlelogo_white_background_color_272x92dp.png	1660226520096	1660226520131	OK	 
REQUEST		googlelogo_white_background_color_272x92dp.png	1660226520099	1660226520141	OK	 
REQUEST		googlelogo_white_background_color_272x92dp.png	1660226520100	1660226520140	OK	 
REQUEST		patient encounter	1660226519977	1660226520150	OK	 
REQUEST		Chrome_Owned_96x96.png	1660226520156	1660226520173	OK	 
USER	Registration	START	1660226520176
USER	Consultation	START	1660226520180
REQUEST		googlelogo_white_background_color_272x92dp.png	1660226520157	1660226520189	OK	 
REQUEST		patient encounter	1660226520101	1660226520195	OK	 
REQUEST		patient encounter	1660226520127	1660226520209	OK	 
REQUEST		patient encounter	1660226520109	1660226520201	OK	 
USER	Registration	START	1660226520226
USER	Consultation	START	1660226520228
REQUEST		Chrome_Owned_96x96.png	1660226520215	1660226520232	OK	 
REQUEST		Chrome_Owned_96x96.png	1660226520217	1660226520241	OK	 
REQUEST		Chrome_Owned_96x96.png	1660226520218	1660226520241	OK	 
REQUEST		googlelogo_white_background_color_272x92dp.png	1660226520215	1660226520248	OK	 
REQUEST		googlelogo_white_background_color_272x92dp.png	1660226520219	1660226520255	OK	 
REQUEST		googlelogo_white_background_color_272x92dp.png	1660226520217	1660226520257	OK	 
REQUEST		patient encounter	1660226520180	1660226520264	OK	 
USER	Registration	START	1660226520276
USER	Consultation	START	1660226520278
REQUEST		Chrome_Owned_96x96.png	1660226520269	1660226520292	OK	 
REQUEST		googlelogo_white_background_color_272x92dp.png	1660226520269	1660226520301	OK	 
REQUEST		patient encounter	1660226520228	1660226520308	OK	 
USER	Registration	START	1660226520326
USER	Consultation	START	1660226520328
REQUEST		Chrome_Owned_96x96.png	1660226520318	1660226520340	OK	 
REQUEST		googlelogo_white_background_color_272x92dp.png	1660226520318	1660226520357	OK	 
REQUEST		patient encounter	1660226520278	1660226520360	OK	 
USER	Registration	START	1660226520376
USER	Consultation	START	1660226520378
REQUEST		Chrome_Owned_96x96.png	1660226520364	1660226520381	OK	 
REQUEST		googlelogo_white_background_color_272x92dp.png	1660226520364	1660226520397	OK	 
REQUEST		patient encounter	1660226520328	1660226520406	OK	 
REQUEST		Chrome_Owned_96x96.png	1660226520410	1660226520426	OK	 
USER	Registration	START	1660226520426
USER	Consultation	START	1660226520428
REQUEST		googlelogo_white_background_color_272x92dp.png	1660226520411	1660226520446	OK	 
REQUEST		patient encounter	1660226520378	1660226520458	OK	 
USER	Registration	START	1660226520476
USER	Consultation	START	1660226520479
REQUEST		Chrome_Owned_96x96.png	1660226520462	1660226520479	OK	 
REQUEST		googlelogo_white_background_color_272x92dp.png	1660226520462	1660226520499	OK	 
REQUEST		patient encounter	1660226520428	1660226520506	OK	 
USER	Registration	START	1660226520526
REQUEST		Chrome_Owned_96x96.png	1660226520509	1660226520527	OK	 
USER	Consultation	START	1660226520529
REQUEST		googlelogo_white_background_color_272x92dp.png	1660226520509	1660226520544	OK	 
REQUEST		patient encounter	1660226520478	1660226520567	OK	 
USER	Registration	START	1660226520577
USER	Consultation	START	1660226520579
REQUEST		Chrome_Owned_96x96.png	1660226520571	1660226520595	OK	 
REQUEST		googlelogo_white_background_color_272x92dp.png	1660226520571	1660226520604	OK	 
REQUEST		patient encounter	1660226520528	1660226520605	OK	 
USER	Registration	START	1660226520627
REQUEST		Chrome_Owned_96x96.png	1660226520610	1660226520628	OK	 
USER	Consultation	START	1660226520629
REQUEST		googlelogo_white_background_color_272x92dp.png	1660226520611	1660226520645	OK	 
REQUEST		patient encounter	1660226520579	1660226520668	OK	 
USER	Registration	START	1660226520677
USER	Consultation	START	1660226520679
REQUEST		Chrome_Owned_96x96.png	1660226520671	1660226520687	OK	 
REQUEST		googlelogo_white_background_color_272x92dp.png	1660226520671	1660226520702	OK	 
REQUEST		patient encounter	1660226520629	1660226520712	OK	 
USER	Registration	START	1660226520727
USER	Consultation	START	1660226520729
REQUEST		Chrome_Owned_96x96.png	1660226520715	1660226520731	OK	 
REQUEST		googlelogo_white_background_color_272x92dp.png	1660226520715	1660226520746	OK	 
REQUEST		patient encounter	1660226520679	1660226520759	OK	 
USER	Registration	START	1660226520777
REQUEST		Chrome_Owned_96x96.png	1660226520762	1660226520779	OK	 
USER	Consultation	START	1660226520779
REQUEST		googlelogo_white_background_color_272x92dp.png	1660226520763	1660226520797	OK	 
REQUEST		patient encounter	1660226520729	1660226520807	OK	 
REQUEST		Chrome_Owned_96x96.png	1660226520810	1660226520827	OK	 
REQUEST		googlelogo_white_background_color_272x92dp.png	1660226520810	1660226520841	OK	 
REQUEST		patient encounter	1660226520779	1660226520863	OK	 
REQUEST		Chrome_Owned_96x96.png	1660226520866	1660226520882	OK	 
REQUEST		googlelogo_white_background_color_272x92dp.png	1660226520866	1660226520898	OK	 
USER	Consultation	END	1660226520901
USER	Consultation	START	1660226520902
REQUEST		patient encounter	1660226520902	1660226520979	OK	 
REQUEST		Chrome_Owned_96x96.png	1660226520983	1660226521000	OK	 
REQUEST		googlelogo_white_background_color_272x92dp.png	1660226520983	1660226521017	OK	 
REQUEST		get login locations	1660226519835	1660226521178	OK	 
REQUEST		get login locations	1660226519975	1660226521190	OK	 
REQUEST		get login locations	1660226519919	1660226521196	OK	 
REQUEST		get login locations	1660226519864	1660226521211	OK	 
REQUEST		get login locations	1660226520125	1660226521243	OK	 
REQUEST		get login locations	1660226520103	1660226521285	OK	 
REQUEST		get login locations	1660226520175	1660226521294	OK	 
REQUEST		get login locations	1660226520100	1660226521295	OK	 
REQUEST		get login locations	1660226520225	1660226521320	OK	 
REQUEST		get login locations	1660226520275	1660226521354	OK	 
REQUEST		get locale.allowed.list global property	1660226521183	1660226521412	OK	 
REQUEST		get locale.allowed.list global property	1660226521191	1660226521415	OK	 
REQUEST		get locale.allowed.list global property	1660226521197	1660226521423	OK	 
REQUEST		get login locations	1660226520326	1660226521445	OK	 
REQUEST		get locale.allowed.list global property	1660226521212	1660226521446	OK	 
REQUEST		get locale.allowed.list global property	1660226521243	1660226521475	OK	 
REQUEST		get locale.allowed.list global property	1660226521286	1660226521518	OK	 
REQUEST		get locale.allowed.list global property	1660226521295	1660226521521	OK	 
REQUEST		get locale.allowed.list global property	1660226521295	1660226521527	OK	 
REQUEST		search bahmni	1660226521190	1660226521531	OK	 
USER	Consultation	END	1660226521536
USER	Consultation	START	1660226521537
REQUEST		search bahmni	1660226521133	1660226521539	OK	 
USER	Consultation	END	1660226521542
USER	Consultation	START	1660226521543
REQUEST		get locale.allowed.list global property	1660226521321	1660226521544	OK	 
REQUEST		search bahmni	1660226521142	1660226521551	OK	 
REQUEST		search bahmni	1660226521142	1660226521553	OK	 
USER	Consultation	END	1660226521554
USER	Consultation	START	1660226521555
USER	Consultation	END	1660226521556
USER	Consultation	START	1660226521557
REQUEST		get locale.allowed.list global property	1660226521354	1660226521581	OK	 
REQUEST		search bahmni	1660226521258	1660226521588	OK	 
USER	Consultation	END	1660226521591
USER	Consultation	START	1660226521592
REQUEST		search bahmni	1660226521248	1660226521610	OK	 
USER	Consultation	END	1660226521614
USER	Consultation	START	1660226521615
REQUEST		patient encounter	1660226521537	1660226521622	OK	 
REQUEST		patient encounter	1660226521543	1660226521630	OK	 
REQUEST		patient encounter	1660226521556	1660226521636	OK	 
REQUEST		patient encounter	1660226521554	1660226521638	OK	 
REQUEST		Chrome_Owned_96x96.png	1660226521625	1660226521648	OK	 
REQUEST		Chrome_Owned_96x96.png	1660226521633	1660226521653	OK	 
REQUEST		search bahmni	1660226521256	1660226521661	OK	 
USER	Consultation	END	1660226521664
REQUEST		get locale.allowed.list global property	1660226521446	1660226521670	OK	 
REQUEST		patient encounter	1660226521592	1660226521673	OK	 
REQUEST		googlelogo_white_background_color_272x92dp.png	1660226521625	1660226521677	OK	 
REQUEST		get user	1660226521416	1660226521658	OK	 
REQUEST		get user	1660226521424	1660226521671	OK	 
REQUEST		get user	1660226521416	1660226521652	OK	 
REQUEST		get user	1660226521447	1660226521681	OK	 
REQUEST		Chrome_Owned_96x96.png	1660226521676	1660226521879	OK	 
REQUEST		googlelogo_white_background_color_272x92dp.png	1660226521644	1660226521883	OK	 
USER	Consultation	START	1660226521885
REQUEST		Chrome_Owned_96x96.png	1660226521641	1660226521887	OK	 
REQUEST		patient encounter	1660226521614	1660226521890	OK	 
REQUEST		get user	1660226521528	1660226521883	OK	 
REQUEST		Chrome_Owned_96x96.png	1660226521643	1660226521893	OK	 
REQUEST		googlelogo_white_background_color_272x92dp.png	1660226521643	1660226521894	OK	 
REQUEST		search bahmni	1660226521302	1660226521898	OK	 
REQUEST		search bahmni	1660226521398	1660226521896	OK	 
USER	Consultation	END	1660226521902
REQUEST		get user	1660226521582	1660226521905	OK	 
REQUEST		search bahmni	1660226521357	1660226521911	OK	 
USER	Consultation	END	1660226521914
REQUEST		get user	1660226521520	1660226521914	OK	 
USER	Consultation	END	1660226521915
REQUEST		get user	1660226521522	1660226521916	OK	 
REQUEST		get user	1660226521476	1660226521904	OK	 
REQUEST		search bahmni	1660226521500	1660226521926	OK	 
REQUEST		get user	1660226521546	1660226521926	OK	 
REQUEST		search bahmni	1660226521446	1660226521924	OK	 
USER	Consultation	END	1660226521930
REQUEST		googlelogo_white_background_color_272x92dp.png	1660226521676	1660226521931	OK	 
USER	Consultation	END	1660226521933
USER	Consultation	END	1660226521933
REQUEST		googlelogo_white_background_color_272x92dp.png	1660226521643	1660226521934	OK	 
REQUEST		Chrome_Owned_96x96.png	1660226521902	1660226521936	OK	 
REQUEST		search bahmni	1660226521545	1660226521936	OK	 
USER	Consultation	END	1660226521939
REQUEST		search bahmni	1660226521604	1660226521954	OK	 
USER	Consultation	END	1660226521957
REQUEST		googlelogo_white_background_color_272x92dp.png	1660226521902	1660226521966	OK	 
REQUEST		search bahmni	1660226521646	1660226522002	OK	 
USER	Consultation	END	1660226522005
REQUEST		patient encounter	1660226521885	1660226522019	OK	 
REQUEST		Chrome_Owned_96x96.png	1660226522022	1660226522042	OK	 
REQUEST		googlelogo_white_background_color_272x92dp.png	1660226522022	1660226522054	OK	 
USER	Consultation	END	1660226522055
REQUEST		get provider	1660226521878	1660226522149	OK	 
REQUEST		get provider	1660226521918	1660226522167	OK	 
REQUEST		get provider	1660226521924	1660226522177	OK	 
REQUEST		get provider	1660226521927	1660226522187	OK	 
REQUEST		get user	1660226521879	1660226522189	OK	 
REQUEST		get provider	1660226521909	1660226522191	OK	 
REQUEST		get provider	1660226521875	1660226522192	OK	 
REQUEST		get provider	1660226521877	1660226522195	OK	 
REQUEST		get provider	1660226521892	1660226522199	OK	 
REQUEST		get provider	1660226521892	1660226522200	OK	 
REQUEST		get provider	1660226521921	1660226522207	OK	 
REQUEST		search bahmni	1660226521878	1660226522218	OK	 
USER	Consultation	END	1660226522222
REQUEST		search bahmni	1660226521894	1660226522241	OK	 
USER	Consultation	END	1660226522244
REQUEST		search bahmni	1660226521886	1660226522251	OK	 
USER	Consultation	END	1660226522254
REQUEST		search bahmni	1660226521882	1660226522339	OK	 
USER	Consultation	END	1660226522342
REQUEST		search bahmni	1660226522018	1660226522380	OK	 
USER	Consultation	END	1660226522384
REQUEST		get provider	1660226522192	1660226522439	OK	 
REQUEST		get login locations	1660226520426	1660226522439	OK	 
REQUEST		get login locations	1660226520376	1660226522449	OK	 
REQUEST		get locale.allowed.list global property	1660226522450	1660226522674	OK	 
REQUEST		get locale.allowed.list global property	1660226522440	1660226522674	OK	 
REQUEST		get user	1660226522675	1660226522941	OK	 
REQUEST		get user	1660226522675	1660226522945	OK	 
REQUEST		search bahmni	1660226522680	1660226523037	OK	 
USER	Consultation	END	1660226523039
REQUEST		get provider	1660226522943	1660226523176	OK	 
REQUEST		get provider	1660226522946	1660226523188	OK	 
REQUEST		search bahmni	1660226522895	1660226523263	OK	 
USER	Consultation	END	1660226523265
REQUEST		search bahmni	1660226522966	1660226523350	OK	 
USER	Consultation	END	1660226523354
REQUEST		search bahmni	1660226522935	1660226523364	OK	 
USER	Consultation	END	1660226523367
REQUEST		get login locations	1660226520476	1660226523367	OK	 
REQUEST		search bahmni	1660226522889	1660226523369	OK	 
USER	Consultation	END	1660226523370
REQUEST		get login locations	1660226520526	1660226523416	OK	 
REQUEST		get login locations	1660226520627	1660226523422	OK	 
REQUEST		get login locations	1660226520576	1660226523427	OK	 
REQUEST		get locale.allowed.list global property	1660226523368	1660226523600	OK	 
REQUEST		get locale.allowed.list global property	1660226523417	1660226523655	OK	 
REQUEST		get locale.allowed.list global property	1660226523423	1660226523660	OK	 
REQUEST		get locale.allowed.list global property	1660226523428	1660226523669	OK	 
REQUEST		get user	1660226523602	1660226524026	OK	 
REQUEST		get user	1660226523661	1660226524152	OK	 
REQUEST		get user	1660226523669	1660226524181	OK	 
REQUEST		get user	1660226523657	1660226524205	OK	 
REQUEST		get provider	1660226524029	1660226524281	OK	 
REQUEST		get provider	1660226524154	1660226524408	OK	 
REQUEST		get login locations	1660226520677	1660226524468	OK	 
REQUEST		get provider	1660226524184	1660226524476	OK	 
REQUEST		get provider	1660226524207	1660226524477	OK	 
REQUEST		post audit log	1660226521878	1660226524608	OK	 
REQUEST		get bahmni.enableAuditLog global property	1660226521878	1660226524641	OK	 
REQUEST		get session	1660226521877	1660226524668	OK	 
REQUEST		get login locations	1660226520777	1660226524688	OK	 
REQUEST		get bahmni.enableAuditLog global property	1660226521879	1660226524701	OK	 
REQUEST		get locale.allowed.list global property	1660226524469	1660226524718	OK	 
REQUEST		get login locations	1660226520727	1660226524729	OK	 
REQUEST		post user info	1660226521878	1660226524740	OK	 
REQUEST		get locale.allowed.list global property	1660226524689	1660226524917	OK	 
REQUEST		get user	1660226524719	1660226524987	OK	 
REQUEST		get locale.allowed.list global property	1660226524730	1660226525011	OK	 
REQUEST		get user	1660226524918	1660226525153	OK	 
REQUEST		get provider	1660226524989	1660226525222	OK	 
REQUEST		get user	1660226525012	1660226525243	OK	 
REQUEST		get provider	1660226525155	1660226525405	OK	 
REQUEST		post user info	1660226521877	1660226525427	OK	 
REQUEST		get provider	1660226525245	1660226525476	OK	 
REQUEST		post audit log	1660226521882	1660226525480	OK	 
REQUEST		get session	1660226521876	1660226525488	OK	 
REQUEST		get session	1660226521878	1660226525504	OK	 
REQUEST		post audit log	1660226521879	1660226525510	OK	 
REQUEST		get bahmni.enableAuditLog global property	1660226521881	1660226525512	OK	 
REQUEST		post audit log	1660226521893	1660226525557	OK	 
REQUEST		get session	1660226521892	1660226525562	OK	 
REQUEST		get bahmni.enableAuditLog global property	1660226521893	1660226525567	OK	 
REQUEST		post audit log	1660226521893	1660226525571	OK	 
REQUEST		get bahmni.enableAuditLog global property	1660226521910	1660226525582	OK	 
REQUEST		get session	1660226521909	1660226525588	OK	 
REQUEST		post user info	1660226521892	1660226525601	OK	 
REQUEST		post user info	1660226521909	1660226525612	OK	 
REQUEST		post user info	1660226521881	1660226525626	OK	 
REQUEST		post user info	1660226521893	1660226525631	OK	 
REQUEST		get bahmni.enableAuditLog global property	1660226521893	1660226526425	OK	 
REQUEST		get session	1660226521892	1660226526441	OK	 
REQUEST		post user info	1660226521918	1660226526519	OK	 
REQUEST		post user info	1660226521922	1660226526523	OK	 
REQUEST		post audit log	1660226521919	1660226526549	OK	 
REQUEST		get bahmni.enableAuditLog global property	1660226521922	1660226526554	OK	 
REQUEST		post audit log	1660226521922	1660226526562	OK	 
REQUEST		get session	1660226521922	1660226526576	OK	 
REQUEST		post audit log	1660226521925	1660226526581	OK	 
REQUEST		get session	1660226521918	1660226526596	OK	 
REQUEST		get session	1660226521930	1660226526604	OK	 
REQUEST		get bahmni.enableAuditLog global property	1660226521918	1660226526615	OK	 
REQUEST		get bahmni.enableAuditLog global property	1660226521925	1660226526624	OK	 
REQUEST		post audit log	1660226521933	1660226526637	OK	 
REQUEST		get bahmni.enableAuditLog global property	1660226521930	1660226526642	OK	 
REQUEST		get bahmni.enableAuditLog global property	1660226522193	1660226526686	OK	 
REQUEST		post user info	1660226521925	1660226526698	OK	 
REQUEST		post audit log	1660226522944	1660226526735	OK	 
REQUEST		post audit log	1660226522193	1660226526741	OK	 
REQUEST		get session	1660226522192	1660226526748	OK	 
REQUEST		get session	1660226521924	1660226526749	OK	 
REQUEST		post audit log	1660226522947	1660226526749	OK	 
REQUEST		get session	1660226522947	1660226526751	OK	 
REQUEST		get session	1660226524029	1660226526755	OK	 
REQUEST		get bahmni.enableAuditLog global property	1660226522947	1660226526763	OK	 
REQUEST		get session	1660226522943	1660226526770	OK	 
REQUEST		get bahmni.enableAuditLog global property	1660226522944	1660226526773	OK	 
REQUEST		post audit log	1660226521910	1660226526775	OK	 
REQUEST		post user info	1660226522947	1660226526825	OK	 
REQUEST		post user info	1660226521930	1660226526827	OK	 
REQUEST		post user info	1660226522192	1660226526827	OK	 
REQUEST		post user info	1660226522943	1660226526835	OK	 
REQUEST		post user info	1660226524029	1660226527570	OK	 
REQUEST		get bahmni.enableAuditLog global property	1660226524030	1660226527579	OK	 
REQUEST		get session	1660226524154	1660226527606	OK	 
REQUEST		post audit log	1660226524030	1660226527613	OK	 
REQUEST		get bahmni.enableAuditLog global property	1660226524155	1660226527621	OK	 
REQUEST		post audit log	1660226524155	1660226527648	OK	 
REQUEST		get session	1660226524184	1660226527680	OK	 
REQUEST		post user info	1660226524155	1660226527684	OK	 
REQUEST		post audit log	1660226524185	1660226527689	OK	 
REQUEST		get bahmni.enableAuditLog global property	1660226524208	1660226527700	OK	 
REQUEST		post user info	1660226524184	1660226527701	OK	 
REQUEST		get bahmni.enableAuditLog global property	1660226524184	1660226527707	OK	 
REQUEST		post audit log	1660226524208	1660226527709	OK	 
REQUEST		get session	1660226524207	1660226527730	OK	 
REQUEST		post audit log	1660226524990	1660226527802	OK	 
REQUEST		get bahmni.enableAuditLog global property	1660226525158	1660226527815	OK	 
REQUEST		get bahmni.enableAuditLog global property	1660226525246	1660226527833	OK	 
REQUEST		get session	1660226524989	1660226527842	OK	 
REQUEST		get bahmni.enableAuditLog global property	1660226524990	1660226527844	OK	 
REQUEST		get session	1660226525246	1660226527849	OK	 
REQUEST		get session	1660226525157	1660226527858	OK	 
REQUEST		post audit log	1660226525247	1660226527869	OK	 
REQUEST		post audit log	1660226525158	1660226527872	OK	 
REQUEST		post user info	1660226525158	1660226527883	OK	 
REQUEST		post user info	1660226524990	1660226527888	OK	 
REQUEST		post user info	1660226524207	1660226527906	OK	 
REQUEST		post user info	1660226525246	1660226527915	OK	 
USER	Registration	END	1660226545428
USER	Registration	END	1660226545511
USER	Registration	END	1660226545602
USER	Registration	END	1660226545627
USER	Registration	END	1660226546442
USER	Registration	END	1660226546577
USER	Registration	END	1660226546616
USER	Registration	END	1660226546750
USER	Registration	END	1660226546776
USER	Registration	END	1660226546825
USER	Registration	END	1660226546828
USER	Registration	END	1660226546828
USER	Registration	END	1660226546835
USER	Registration	END	1660226547613
USER	Registration	END	1660226547685
USER	Registration	END	1660226547708
USER	Registration	END	1660226547884
USER	Registration	END	1660226547889
USER	Registration	END	1660226547907
USER	Registration	END	1660226547916
