RUN	simulations.BahmniClinic	bahmniclinic	1660225580551	 	3.8.3
USER	Registration	START	1660225581738
USER	Consultation	START	1660225581746
USER	Registration	START	1660225581766
USER	Consultation	START	1660225581779
USER	Registration	START	1660225581823
USER	Consultation	START	1660225581829
USER	Registration	START	1660225581877
REQUEST		patient encounter	1660225581740	1660225581859	OK	 
USER	Consultation	START	1660225581879
REQUEST		patient encounter	1660225581778	1660225581889	OK	 
REQUEST		patient encounter	1660225581828	1660225581932	OK	 
USER	Registration	START	1660225581988
USER	Registration	START	1660225581988
USER	Consultation	START	1660225581989
REQUEST		patient encounter	1660225581879	1660225581973	OK	 
USER	Consultation	START	1660225581989
REQUEST		Chrome_Owned_96x96.png	1660225581984	1660225582005	OK	 
REQUEST		Chrome_Owned_96x96.png	1660225581986	1660225582017	OK	 
REQUEST		Chrome_Owned_96x96.png	1660225581986	1660225582018	OK	 
REQUEST		Chrome_Owned_96x96.png	1660225581997	1660225582019	OK	 
REQUEST		googlelogo_white_background_color_272x92dp.png	1660225581987	1660225582024	OK	 
USER	Registration	START	1660225582027
USER	Consultation	START	1660225582029
REQUEST		googlelogo_white_background_color_272x92dp.png	1660225581987	1660225582039	OK	 
REQUEST		googlelogo_white_background_color_272x92dp.png	1660225581997	1660225582039	OK	 
REQUEST		googlelogo_white_background_color_272x92dp.png	1660225581985	1660225582042	OK	 
USER	Consultation	END	1660225582043
USER	Consultation	START	1660225582044
USER	Registration	START	1660225582077
USER	Consultation	START	1660225582079
REQUEST		patient encounter	1660225581989	1660225582085	OK	 
REQUEST		patient encounter	1660225581989	1660225582087	OK	 
REQUEST		Chrome_Owned_96x96.png	1660225582099	1660225582117	OK	 
USER	Registration	START	1660225582127
USER	Consultation	START	1660225582129
REQUEST		patient encounter	1660225582028	1660225582130	OK	 
REQUEST		Chrome_Owned_96x96.png	1660225582101	1660225582131	OK	 
REQUEST		googlelogo_white_background_color_272x92dp.png	1660225582100	1660225582138	OK	 
REQUEST		patient encounter	1660225582044	1660225582140	OK	 
REQUEST		googlelogo_white_background_color_272x92dp.png	1660225582102	1660225582152	OK	 
REQUEST		Chrome_Owned_96x96.png	1660225582136	1660225582155	OK	 
REQUEST		Chrome_Owned_96x96.png	1660225582145	1660225582170	OK	 
USER	Registration	START	1660225582178
REQUEST		googlelogo_white_background_color_272x92dp.png	1660225582137	1660225582180	OK	 
USER	Consultation	START	1660225582180
USER	Consultation	END	1660225582181
USER	Consultation	START	1660225582182
REQUEST		patient encounter	1660225582079	1660225582188	OK	 
REQUEST		googlelogo_white_background_color_272x92dp.png	1660225582146	1660225582194	OK	 
USER	Consultation	END	1660225582195
USER	Consultation	START	1660225582196
REQUEST		Chrome_Owned_96x96.png	1660225582193	1660225582211	OK	 
REQUEST		patient encounter	1660225582129	1660225582221	OK	 
USER	Registration	START	1660225582228
USER	Consultation	START	1660225582229
REQUEST		googlelogo_white_background_color_272x92dp.png	1660225582194	1660225582241	OK	 
REQUEST		Chrome_Owned_96x96.png	1660225582230	1660225582249	OK	 
REQUEST		googlelogo_white_background_color_272x92dp.png	1660225582231	1660225582273	OK	 
USER	Consultation	END	1660225582274
USER	Consultation	START	1660225582275
REQUEST		patient encounter	1660225582180	1660225582272	OK	 
USER	Registration	START	1660225582278
USER	Consultation	START	1660225582280
REQUEST		patient encounter	1660225582196	1660225582283	OK	 
REQUEST		patient encounter	1660225582182	1660225582293	OK	 
REQUEST		Chrome_Owned_96x96.png	1660225582290	1660225582316	OK	 
REQUEST		patient encounter	1660225582229	1660225582321	OK	 
USER	Registration	START	1660225582328
REQUEST		Chrome_Owned_96x96.png	1660225582309	1660225582328	OK	 
REQUEST		Chrome_Owned_96x96.png	1660225582300	1660225582325	OK	 
USER	Consultation	START	1660225582329
REQUEST		googlelogo_white_background_color_272x92dp.png	1660225582301	1660225582338	OK	 
REQUEST		Chrome_Owned_96x96.png	1660225582324	1660225582342	OK	 
REQUEST		googlelogo_white_background_color_272x92dp.png	1660225582310	1660225582354	OK	 
REQUEST		googlelogo_white_background_color_272x92dp.png	1660225582290	1660225582356	OK	 
REQUEST		patient encounter	1660225582274	1660225582360	OK	 
REQUEST		googlelogo_white_background_color_272x92dp.png	1660225582325	1660225582369	OK	 
REQUEST		patient encounter	1660225582279	1660225582374	OK	 
USER	Registration	START	1660225582378
USER	Consultation	START	1660225582379
REQUEST		Chrome_Owned_96x96.png	1660225582364	1660225582382	OK	 
REQUEST		Chrome_Owned_96x96.png	1660225582381	1660225582398	OK	 
REQUEST		googlelogo_white_background_color_272x92dp.png	1660225582364	1660225582401	OK	 
REQUEST		googlelogo_white_background_color_272x92dp.png	1660225582381	1660225582421	OK	 
USER	Consultation	END	1660225582422
USER	Consultation	START	1660225582423
USER	Registration	START	1660225582428
USER	Consultation	START	1660225582429
REQUEST		patient encounter	1660225582329	1660225582439	OK	 
REQUEST		Chrome_Owned_96x96.png	1660225582442	1660225582460	OK	 
REQUEST		patient encounter	1660225582379	1660225582464	OK	 
USER	Registration	START	1660225582478
USER	Consultation	START	1660225582479
REQUEST		googlelogo_white_background_color_272x92dp.png	1660225582442	1660225582479	OK	 
REQUEST		Chrome_Owned_96x96.png	1660225582467	1660225582484	OK	 
REQUEST		googlelogo_white_background_color_272x92dp.png	1660225582468	1660225582504	OK	 
REQUEST		patient encounter	1660225582422	1660225582520	OK	 
REQUEST		patient encounter	1660225582429	1660225582525	OK	 
USER	Registration	START	1660225582528
USER	Consultation	START	1660225582529
REQUEST		Chrome_Owned_96x96.png	1660225582523	1660225582541	OK	 
REQUEST		Chrome_Owned_96x96.png	1660225582528	1660225582555	OK	 
REQUEST		googlelogo_white_background_color_272x92dp.png	1660225582523	1660225582559	OK	 
REQUEST		patient encounter	1660225582479	1660225582573	OK	 
REQUEST		googlelogo_white_background_color_272x92dp.png	1660225582528	1660225582575	OK	 
USER	Registration	START	1660225582578
USER	Consultation	START	1660225582579
REQUEST		Chrome_Owned_96x96.png	1660225582577	1660225582594	OK	 
REQUEST		googlelogo_white_background_color_272x92dp.png	1660225582577	1660225582612	OK	 
USER	Registration	START	1660225582628
USER	Consultation	START	1660225582629
REQUEST		patient encounter	1660225582529	1660225582634	OK	 
REQUEST		Chrome_Owned_96x96.png	1660225582638	1660225582655	OK	 
REQUEST		get login locations	1660225581822	1660225582667	OK	 
REQUEST		googlelogo_white_background_color_272x92dp.png	1660225582638	1660225582675	OK	 
USER	Registration	START	1660225582678
USER	Consultation	START	1660225582679
REQUEST		patient encounter	1660225582579	1660225582679	OK	 
REQUEST		get login locations	1660225581736	1660225582680	OK	 
REQUEST		get login locations	1660225581765	1660225582686	OK	 
REQUEST		Chrome_Owned_96x96.png	1660225582682	1660225582701	OK	 
REQUEST		googlelogo_white_background_color_272x92dp.png	1660225582682	1660225582718	OK	 
REQUEST		patient encounter	1660225582629	1660225582722	OK	 
REQUEST		Chrome_Owned_96x96.png	1660225582725	1660225582742	OK	 
REQUEST		googlelogo_white_background_color_272x92dp.png	1660225582725	1660225582760	OK	 
REQUEST		get login locations	1660225581988	1660225582775	OK	 
REQUEST		patient encounter	1660225582679	1660225582778	OK	 
REQUEST		get login locations	1660225581988	1660225582790	OK	 
REQUEST		Chrome_Owned_96x96.png	1660225582780	1660225582798	OK	 
REQUEST		get login locations	1660225581877	1660225582801	OK	 
REQUEST		googlelogo_white_background_color_272x92dp.png	1660225582781	1660225582819	OK	 
REQUEST		get login locations	1660225582077	1660225582839	OK	 
REQUEST		get login locations	1660225582027	1660225582849	OK	 
REQUEST		get locale.allowed.list global property	1660225582673	1660225582858	OK	 
REQUEST		get locale.allowed.list global property	1660225582680	1660225582864	OK	 
REQUEST		get locale.allowed.list global property	1660225582686	1660225582871	OK	 
REQUEST		get login locations	1660225582127	1660225582895	OK	 
REQUEST		get login locations	1660225582177	1660225582925	OK	 
REQUEST		get locale.allowed.list global property	1660225582791	1660225582979	OK	 
REQUEST		get locale.allowed.list global property	1660225582776	1660225582994	OK	 
REQUEST		get locale.allowed.list global property	1660225582802	1660225583000	OK	 
REQUEST		get locale.allowed.list global property	1660225582840	1660225583034	OK	 
REQUEST		get login locations	1660225582227	1660225583059	OK	 
REQUEST		get locale.allowed.list global property	1660225582849	1660225583094	OK	 
REQUEST		get locale.allowed.list global property	1660225582895	1660225583134	OK	 
REQUEST		get locale.allowed.list global property	1660225582926	1660225583135	OK	 
REQUEST		get user	1660225582865	1660225583303	OK	 
REQUEST		get user	1660225582861	1660225583141	OK	 
REQUEST		get user	1660225582872	1660225583231	OK	 
REQUEST		get user	1660225582995	1660225583341	OK	 
REQUEST		get login locations	1660225582327	1660225583345	OK	 
REQUEST		get locale.allowed.list global property	1660225583060	1660225583353	OK	 
REQUEST		get user	1660225582980	1660225583372	OK	 
REQUEST		search bahmni	1660225583040	1660225583397	OK	 
USER	Consultation	END	1660225583400
USER	Consultation	START	1660225583401
REQUEST		search bahmni	1660225583042	1660225583418	OK	 
USER	Consultation	END	1660225583421
REQUEST		get login locations	1660225582277	1660225583422	OK	 
REQUEST		search bahmni	1660225583026	1660225583423	OK	 
USER	Consultation	START	1660225583423
USER	Consultation	END	1660225583425
USER	Consultation	START	1660225583426
REQUEST		get user	1660225583001	1660225583437	OK	 
REQUEST		get user	1660225583136	1660225583441	OK	 
REQUEST		get user	1660225583135	1660225583450	OK	 
REQUEST		get user	1660225583096	1660225583452	OK	 
REQUEST		get user	1660225583035	1660225583456	OK	 
REQUEST		get login locations	1660225582378	1660225583472	OK	 
REQUEST		search bahmni	1660225583152	1660225583475	OK	 
USER	Consultation	END	1660225583478
USER	Consultation	START	1660225583478
REQUEST		get login locations	1660225582428	1660225583480	OK	 
REQUEST		patient encounter	1660225583400	1660225583492	OK	 
REQUEST		get login locations	1660225582478	1660225583500	OK	 
REQUEST		get login locations	1660225582578	1660225583506	OK	 
REQUEST		get login locations	1660225582528	1660225583509	OK	 
REQUEST		get login locations	1660225582678	1660225583511	OK	 
REQUEST		Chrome_Owned_96x96.png	1660225583494	1660225583513	OK	 
REQUEST		patient encounter	1660225583422	1660225583513	OK	 
REQUEST		search bahmni	1660225583139	1660225583520	OK	 
USER	Consultation	END	1660225583523
USER	Consultation	START	1660225583524
REQUEST		patient encounter	1660225583426	1660225583525	OK	 
REQUEST		get locale.allowed.list global property	1660225583346	1660225583528	OK	 
REQUEST		googlelogo_white_background_color_272x92dp.png	1660225583495	1660225583531	OK	 
REQUEST		get provider	1660225583336	1660225583541	OK	 
REQUEST		search bahmni	1660225583242	1660225583547	OK	 
REQUEST		Chrome_Owned_96x96.png	1660225583516	1660225583549	OK	 
USER	Consultation	END	1660225583550
USER	Consultation	START	1660225583550
REQUEST		get provider	1660225583339	1660225583551	OK	 
REQUEST		googlelogo_white_background_color_272x92dp.png	1660225583516	1660225583552	OK	 
REQUEST		get user	1660225583354	1660225583553	OK	 
REQUEST		Chrome_Owned_96x96.png	1660225583528	1660225583557	OK	 
REQUEST		patient encounter	1660225583478	1660225583560	OK	 
REQUEST		get provider	1660225583338	1660225583561	OK	 
REQUEST		googlelogo_white_background_color_272x92dp.png	1660225583529	1660225583568	OK	 
USER	Consultation	END	1660225583569
USER	Consultation	START	1660225583570
REQUEST		get provider	1660225583375	1660225583570	OK	 
REQUEST		get provider	1660225583343	1660225583571	OK	 
REQUEST		get login locations	1660225582628	1660225583578	OK	 
REQUEST		Chrome_Owned_96x96.png	1660225583562	1660225583580	OK	 
REQUEST		googlelogo_white_background_color_272x92dp.png	1660225583563	1660225583599	OK	 
USER	Consultation	END	1660225583600
USER	Consultation	START	1660225583601
REQUEST		get locale.allowed.list global property	1660225583423	1660225583601	OK	 
REQUEST		patient encounter	1660225583524	1660225583620	OK	 
REQUEST		get provider	1660225583439	1660225583633	OK	 
REQUEST		get provider	1660225583443	1660225583639	OK	 
REQUEST		Chrome_Owned_96x96.png	1660225583623	1660225583641	OK	 
REQUEST		patient encounter	1660225583550	1660225583644	OK	 
REQUEST		get provider	1660225583452	1660225583646	OK	 
REQUEST		get provider	1660225583458	1660225583649	OK	 
REQUEST		get locale.allowed.list global property	1660225583473	1660225583651	OK	 
REQUEST		search bahmni	1660225583370	1660225583655	OK	 
REQUEST		search bahmni	1660225583356	1660225583660	OK	 
USER	Consultation	END	1660225583662
REQUEST		get provider	1660225583453	1660225583663	OK	 
REQUEST		get locale.allowed.list global property	1660225583480	1660225583663	OK	 
REQUEST		Chrome_Owned_96x96.png	1660225583647	1660225583664	OK	 
USER	Consultation	END	1660225583665
USER	Consultation	START	1660225583665
REQUEST		googlelogo_white_background_color_272x92dp.png	1660225583624	1660225583666	OK	 
REQUEST		patient encounter	1660225583569	1660225583668	OK	 
USER	Consultation	START	1660225583672
REQUEST		get locale.allowed.list global property	1660225583500	1660225583684	OK	 
REQUEST		Chrome_Owned_96x96.png	1660225583671	1660225583688	OK	 
REQUEST		googlelogo_white_background_color_272x92dp.png	1660225583647	1660225583690	OK	 
REQUEST		patient encounter	1660225583600	1660225583692	OK	 
REQUEST		get locale.allowed.list global property	1660225583507	1660225583698	OK	 
REQUEST		get locale.allowed.list global property	1660225583509	1660225583705	OK	 
REQUEST		googlelogo_white_background_color_272x92dp.png	1660225583671	1660225583706	OK	 
REQUEST		get locale.allowed.list global property	1660225583512	1660225583707	OK	 
REQUEST		Chrome_Owned_96x96.png	1660225583695	1660225583712	OK	 
REQUEST		search bahmni	1660225583354	1660225583717	OK	 
REQUEST		get user	1660225583529	1660225583717	OK	 
USER	Consultation	END	1660225583719
USER	Consultation	START	1660225583720
REQUEST		search bahmni	1660225583340	1660225583720	OK	 
USER	Consultation	END	1660225583722
USER	Consultation	START	1660225583724
REQUEST		googlelogo_white_background_color_272x92dp.png	1660225583695	1660225583733	OK	 
REQUEST		get provider	1660225583556	1660225583739	OK	 
REQUEST		search bahmni	1660225583402	1660225583752	OK	 
REQUEST		patient encounter	1660225583665	1660225583754	OK	 
REQUEST		get locale.allowed.list global property	1660225583578	1660225583756	OK	 
USER	Consultation	END	1660225583760
REQUEST		patient encounter	1660225583672	1660225583762	OK	 
REQUEST		search bahmni	1660225583505	1660225583775	OK	 
USER	Consultation	END	1660225583778
REQUEST		Chrome_Owned_96x96.png	1660225583759	1660225583779	OK	 
REQUEST		search bahmni	1660225583480	1660225583785	OK	 
USER	Consultation	END	1660225583788
REQUEST		Chrome_Owned_96x96.png	1660225583764	1660225583792	OK	 
REQUEST		get user	1660225583602	1660225583792	OK	 
REQUEST		googlelogo_white_background_color_272x92dp.png	1660225583759	1660225583798	OK	 
REQUEST		googlelogo_white_background_color_272x92dp.png	1660225583765	1660225583813	OK	 
USER	Consultation	END	1660225583813
REQUEST		patient encounter	1660225583720	1660225583812	OK	 
REQUEST		patient encounter	1660225583723	1660225583822	OK	 
REQUEST		Chrome_Owned_96x96.png	1660225583818	1660225583837	OK	 
REQUEST		get user	1660225583652	1660225583838	OK	 
REQUEST		get user	1660225583664	1660225583849	OK	 
REQUEST		Chrome_Owned_96x96.png	1660225583824	1660225583853	OK	 
REQUEST		googlelogo_white_background_color_272x92dp.png	1660225583818	1660225583858	OK	 
REQUEST		search bahmni	1660225583563	1660225583861	OK	 
USER	Consultation	END	1660225583863
REQUEST		get user	1660225583685	1660225583870	OK	 
REQUEST		googlelogo_white_background_color_272x92dp.png	1660225583824	1660225583875	OK	 
USER	Consultation	END	1660225583875
REQUEST		search bahmni	1660225583575	1660225583878	OK	 
USER	Consultation	END	1660225583880
REQUEST		get user	1660225583699	1660225583908	OK	 
REQUEST		search bahmni	1660225583613	1660225583920	OK	 
REQUEST		get user	1660225583706	1660225583919	OK	 
USER	Consultation	END	1660225583922
REQUEST		get provider	1660225583718	1660225583923	OK	 
REQUEST		get user	1660225583707	1660225583925	OK	 
REQUEST		get user	1660225583757	1660225583941	OK	 
REQUEST		get provider	1660225583794	1660225583979	OK	 
REQUEST		search bahmni	1660225583675	1660225583986	OK	 
USER	Consultation	END	1660225583988
REQUEST		search bahmni	1660225583719	1660225584006	OK	 
USER	Consultation	END	1660225584008
REQUEST		get provider	1660225583839	1660225584029	OK	 
REQUEST		get bahmni.enableAuditLog global property	1660225583344	1660225584060	OK	 
REQUEST		post audit log	1660225583340	1660225584066	OK	 
REQUEST		get bahmni.enableAuditLog global property	1660225583342	1660225584090	OK	 
REQUEST		post audit log	1660225583342	1660225584094	OK	 
REQUEST		search bahmni	1660225583761	1660225584135	OK	 
USER	Consultation	END	1660225584137
REQUEST		search bahmni	1660225583825	1660225584175	OK	 
USER	Consultation	END	1660225584177
REQUEST		post audit log	1660225583344	1660225584178	OK	 
REQUEST		get session	1660225583344	1660225584191	OK	 
REQUEST		get bahmni.enableAuditLog global property	1660225583458	1660225584224	OK	 
REQUEST		get session	1660225583375	1660225584235	OK	 
REQUEST		get provider	1660225583910	1660225584263	OK	 
REQUEST		get session	1660225583340	1660225584268	OK	 
REQUEST		get bahmni.enableAuditLog global property	1660225583340	1660225584282	OK	 
REQUEST		post audit log	1660225583440	1660225584339	OK	 
REQUEST		get provider	1660225583852	1660225584340	OK	 
REQUEST		post audit log	1660225583339	1660225584340	OK	 
REQUEST		get session	1660225583339	1660225584348	OK	 
REQUEST		post audit log	1660225583376	1660225584350	OK	 
REQUEST		get bahmni.enableAuditLog global property	1660225583439	1660225584352	OK	 
REQUEST		get bahmni.enableAuditLog global property	1660225583339	1660225584383	OK	 
REQUEST		post audit log	1660225583557	1660225584385	OK	 
REQUEST		get session	1660225583338	1660225584388	OK	 
REQUEST		get bahmni.enableAuditLog global property	1660225583375	1660225584391	OK	 
REQUEST		get bahmni.enableAuditLog global property	1660225583557	1660225584406	OK	 
REQUEST		post audit log	1660225583453	1660225584422	OK	 
REQUEST		get bahmni.enableAuditLog global property	1660225583444	1660225584426	OK	 
REQUEST		get provider	1660225583943	1660225584427	OK	 
REQUEST		post audit log	1660225583444	1660225584428	OK	 
REQUEST		post audit log	1660225583458	1660225584431	OK	 
REQUEST		get bahmni.enableAuditLog global property	1660225583454	1660225584450	OK	 
REQUEST		get bahmni.enableAuditLog global property	1660225583452	1660225584455	OK	 
REQUEST		get session	1660225583458	1660225584455	OK	 
REQUEST		get provider	1660225583921	1660225584457	OK	 
REQUEST		get provider	1660225583872	1660225584459	OK	 
REQUEST		post audit log	1660225583454	1660225584459	OK	 
REQUEST		get session	1660225583439	1660225584466	OK	 
REQUEST		get session	1660225583454	1660225584470	OK	 
REQUEST		get provider	1660225583927	1660225584486	OK	 
REQUEST		get session	1660225583443	1660225584486	OK	 
REQUEST		get session	1660225583452	1660225584507	OK	 
REQUEST		get session	1660225583556	1660225584510	OK	 
REQUEST		get bahmni.enableAuditLog global property	1660225583719	1660225584516	OK	 
REQUEST		post audit log	1660225583720	1660225584516	OK	 
REQUEST		post user info	1660225583344	1660225584588	OK	 
REQUEST		post user info	1660225583339	1660225584588	OK	 
REQUEST		post user info	1660225583342	1660225584609	OK	 
REQUEST		post user info	1660225583556	1660225584611	OK	 
REQUEST		post user info	1660225583454	1660225584638	OK	 
REQUEST		post user info	1660225583458	1660225584646	OK	 
REQUEST		post user info	1660225583452	1660225584649	OK	 
REQUEST		post user info	1660225583340	1660225584651	OK	 
REQUEST		post user info	1660225583443	1660225584661	OK	 
REQUEST		post user info	1660225583439	1660225584663	OK	 
REQUEST		post user info	1660225583375	1660225584663	OK	 
REQUEST		search bahmni	1660225584532	1660225584814	OK	 
USER	Consultation	END	1660225584816
REQUEST		search bahmni	1660225584553	1660225584895	OK	 
USER	Consultation	END	1660225584897
REQUEST		search bahmni	1660225584691	1660225584992	OK	 
USER	Consultation	END	1660225584996
REQUEST		search bahmni	1660225584667	1660225584998	OK	 
USER	Consultation	END	1660225585000
REQUEST		search bahmni	1660225584707	1660225585015	OK	 
USER	Consultation	END	1660225585018
REQUEST		search bahmni	1660225584734	1660225585078	OK	 
USER	Consultation	END	1660225585081
REQUEST		search bahmni	1660225584798	1660225585138	OK	 
USER	Consultation	END	1660225585140
REQUEST		search bahmni	1660225584858	1660225585156	OK	 
USER	Consultation	END	1660225585158
REQUEST		get session	1660225583719	1660225585391	OK	 
REQUEST		post user info	1660225583719	1660225585413	OK	 
REQUEST		get bahmni.enableAuditLog global property	1660225583795	1660225586395	OK	 
REQUEST		post audit log	1660225583795	1660225586408	OK	 
REQUEST		get session	1660225583794	1660225586410	OK	 
REQUEST		post user info	1660225583795	1660225586442	OK	 
REQUEST		post audit log	1660225583841	1660225587390	OK	 
REQUEST		get bahmni.enableAuditLog global property	1660225583840	1660225587424	OK	 
REQUEST		get session	1660225583839	1660225587441	OK	 
REQUEST		get session	1660225583852	1660225587480	OK	 
REQUEST		post audit log	1660225583853	1660225587486	OK	 
REQUEST		get bahmni.enableAuditLog global property	1660225583852	1660225587487	OK	 
REQUEST		post user info	1660225583840	1660225587540	OK	 
REQUEST		post user info	1660225583852	1660225587542	OK	 
REQUEST		post audit log	1660225583873	1660225588428	OK	 
REQUEST		get session	1660225583872	1660225588504	OK	 
REQUEST		post audit log	1660225583911	1660225588518	OK	 
REQUEST		post user info	1660225583873	1660225588526	OK	 
REQUEST		get bahmni.enableAuditLog global property	1660225583873	1660225588543	OK	 
REQUEST		get bahmni.enableAuditLog global property	1660225583911	1660225588557	OK	 
REQUEST		post audit log	1660225583922	1660225588579	OK	 
REQUEST		post user info	1660225583910	1660225588594	OK	 
REQUEST		get session	1660225583910	1660225588614	OK	 
REQUEST		get bahmni.enableAuditLog global property	1660225583927	1660225588623	OK	 
REQUEST		get session	1660225583927	1660225588634	OK	 
REQUEST		post audit log	1660225583927	1660225588642	OK	 
REQUEST		get bahmni.enableAuditLog global property	1660225583921	1660225588645	OK	 
REQUEST		get session	1660225583921	1660225588652	OK	 
REQUEST		post user info	1660225583921	1660225588684	OK	 
REQUEST		post user info	1660225583927	1660225588690	OK	 
REQUEST		get bahmni.enableAuditLog global property	1660225583944	1660225589436	OK	 
REQUEST		get session	1660225583943	1660225589501	OK	 
REQUEST		post audit log	1660225583944	1660225589593	OK	 
REQUEST		post user info	1660225583943	1660225589626	OK	 
USER	Registration	END	1660225604589
USER	Registration	END	1660225604589
USER	Registration	END	1660225604610
USER	Registration	END	1660225604611
USER	Registration	END	1660225604639
USER	Registration	END	1660225604647
USER	Registration	END	1660225604650
USER	Registration	END	1660225604652
USER	Registration	END	1660225604661
USER	Registration	END	1660225604663
USER	Registration	END	1660225604664
USER	Registration	END	1660225605414
USER	Registration	END	1660225606444
USER	Registration	END	1660225607542
USER	Registration	END	1660225607543
USER	Registration	END	1660225608544
USER	Registration	END	1660225608615
USER	Registration	END	1660225608685
USER	Registration	END	1660225608690
USER	Registration	END	1660225609628
